<?xml version="1.0" encoding="utf-8"?>
<CoverageSession xmlns:xsd="http://www.w3.org/2001/XMLSchema" xmlns:xsi="http://www.w3.org/2001/XMLSchema-instance">
  <Summary numSequencePoints="1552" visitedSequencePoints="836" numBranchPoints="558" visitedBranchPoints="281" sequenceCoverage="53.87" branchCoverage="50.36" maxCyclomaticComplexity="10" minCyclomaticComplexity="0" visitedClasses="29" numClasses="38" visitedMethods="139" numMethods="242" />
  <Modules>
    <Module skippedDueTo="Filter" hash="5E-AB-CF-77-AC-67-57-74-25-D4-8F-60-6A-AF-E1-F0-41-FF-E6-82">
      <ModulePath>C:\WINDOWS\Microsoft.Net\assembly\GAC_64\mscorlib\v4.0_4.0.0.0__b77a5c561934e089\mscorlib.dll</ModulePath>
      <ModuleTime>2018-12-21T02:07:09.9871884Z</ModuleTime>
      <ModuleName>mscorlib</ModuleName>
      <Classes />
    </Module>
    <Module skippedDueTo="Filter" hash="49-6D-42-03-C6-53-6E-72-1F-76-78-AB-9F-52-DB-CC-3D-43-28-41">
      <ModulePath>E:\Desktop\ReloaedResearch\Reloaded.Hooks\Coverage\XUnit\xunit.console.exe</ModulePath>
      <ModuleTime>2018-10-29T04:17:04Z</ModuleTime>
      <ModuleName>xunit.console</ModuleName>
      <Classes />
    </Module>
    <Module skippedDueTo="Filter" hash="6B-4D-36-1F-A8-F2-1F-05-F8-C9-A8-71-E2-90-17-07-CC-68-12-DB">
      <ModulePath>E:\Desktop\ReloaedResearch\Reloaded.Hooks\Coverage\XUnit\xunit.abstractions.dll</ModulePath>
      <ModuleTime>2018-10-29T04:17:04Z</ModuleTime>
      <ModuleName>xunit.abstractions</ModuleName>
      <Classes />
    </Module>
    <Module skippedDueTo="Filter" hash="1A-E2-AF-3D-61-D6-40-E6-D9-B9-D9-B6-1B-12-EB-19-5D-C8-35-37">
      <ModulePath>C:\WINDOWS\Microsoft.Net\assembly\GAC_MSIL\System.Core\v4.0_4.0.0.0__b77a5c561934e089\System.Core.dll</ModulePath>
      <ModuleTime>2018-12-21T02:07:15.3660056Z</ModuleTime>
      <ModuleName>System.Core</ModuleName>
      <Classes />
    </Module>
    <Module skippedDueTo="Filter" hash="A5-B7-BC-42-9C-AA-2C-7A-42-E2-43-5A-2F-7B-F3-B2-00-B1-CB-E6">
      <ModulePath>E:\Desktop\ReloaedResearch\Reloaded.Hooks\Coverage\XUnit\xunit.runner.utility.net452.dll</ModulePath>
      <ModuleTime>2018-10-29T04:17:04Z</ModuleTime>
      <ModuleName>xunit.runner.utility.net452</ModuleName>
      <Classes />
    </Module>
    <Module skippedDueTo="Filter" hash="31-3C-9D-B0-A0-3A-A2-29-8A-27-CC-27-4D-46-B4-5D-FE-0B-F5-E6">
      <ModulePath>C:\WINDOWS\Microsoft.Net\assembly\GAC_MSIL\System\v4.0_4.0.0.0__b77a5c561934e089\System.dll</ModulePath>
      <ModuleTime>2018-12-21T02:07:10.1620414Z</ModuleTime>
      <ModuleName>System</ModuleName>
      <Classes />
    </Module>
    <Module skippedDueTo="Filter" hash="2D-4E-F5-98-36-EF-EC-24-60-45-DD-BE-68-A5-E6-BB-BC-BE-6B-1C">
      <ModulePath>C:\WINDOWS\Microsoft.Net\assembly\GAC_MSIL\System.Xml.Linq\v4.0_4.0.0.0__b77a5c561934e089\System.Xml.Linq.dll</ModulePath>
      <ModuleTime>2018-12-21T02:07:12.4744665Z</ModuleTime>
      <ModuleName>System.Xml.Linq</ModuleName>
      <Classes />
    </Module>
    <Module skippedDueTo="Filter" hash="15-7A-BE-3C-97-AF-5F-10-D3-CA-DB-ED-8D-35-7A-35-46-6D-87-55">
      <ModulePath>C:\WINDOWS\Microsoft.Net\assembly\GAC_MSIL\System.Xml\v4.0_4.0.0.0__b77a5c561934e089\System.Xml.dll</ModulePath>
      <ModuleTime>2018-12-21T02:07:10.115167Z</ModuleTime>
      <ModuleName>System.Xml</ModuleName>
      <Classes />
    </Module>
    <Module skippedDueTo="Filter" hash="92-46-BD-71-5B-AA-F1-B5-B3-9B-4C-F6-6A-4F-91-D5-32-37-5C-74">
      <ModulePath>E:\Desktop\ReloaedResearch\Reloaded.Hooks\Coverage\XUnit\xunit.runner.reporters.net452.dll</ModulePath>
      <ModuleTime>2018-10-29T04:17:04Z</ModuleTime>
      <ModuleName>xunit.runner.reporters.net452</ModuleName>
      <Classes />
    </Module>
    <Module skippedDueTo="Filter" hash="66-09-9D-E3-A0-A5-C0-DE-35-49-46-1C-F9-2E-87-6D-04-BC-22-5B">
      <ModulePath>C:\WINDOWS\Microsoft.Net\assembly\GAC_MSIL\System.Net.Http\v4.0_4.0.0.0__b03f5f7f11d50a3a\System.Net.Http.dll</ModulePath>
      <ModuleTime>2018-12-21T02:07:15.5475538Z</ModuleTime>
      <ModuleName>System.Net.Http</ModuleName>
      <Classes />
    </Module>
    <Module skippedDueTo="Filter" hash="2D-09-B7-33-18-BB-D8-65-20-75-B1-6B-14-E4-9A-C3-EE-BF-6C-B3">
      <ModulePath>C:\WINDOWS\Microsoft.Net\assembly\GAC_64\System.Web\v4.0_4.0.0.0__b03f5f7f11d50a3a\System.Web.dll</ModulePath>
      <ModuleTime>2018-12-21T02:07:15.2745548Z</ModuleTime>
      <ModuleName>System.Web</ModuleName>
      <Classes />
    </Module>
    <Module skippedDueTo="Filter" hash="A5-B7-BC-42-9C-AA-2C-7A-42-E2-43-5A-2F-7B-F3-B2-00-B1-CB-E6">
      <ModulePath>C:\Users\sewer56lol\AppData\Local\Temp\5e517de4-4143-419d-81d7-694fee5d9ee0\5e517de4-4143-419d-81d7-694fee5d9ee0\assembly\dl3\3729f4ec\00e0393f_3e6fd401\xunit.runner.utility.net452.dll</ModulePath>
      <ModuleTime>2018-12-30T21:14:33.4718125Z</ModuleTime>
      <ModuleName>xunit.runner.utility.net452</ModuleName>
      <Classes />
    </Module>
    <Module skippedDueTo="Filter" hash="1A-E2-AF-3D-61-D6-40-E6-D9-B9-D9-B6-1B-12-EB-19-5D-C8-35-37">
      <ModulePath>C:\WINDOWS\Microsoft.Net\assembly\GAC_MSIL\System.Core\v4.0_4.0.0.0__b77a5c561934e089\System.Core.dll</ModulePath>
      <ModuleTime>2018-12-21T02:07:15.3660056Z</ModuleTime>
      <ModuleName>System.Core</ModuleName>
      <Classes />
    </Module>
    <Module skippedDueTo="Filter" hash="31-3C-9D-B0-A0-3A-A2-29-8A-27-CC-27-4D-46-B4-5D-FE-0B-F5-E6">
      <ModulePath>C:\WINDOWS\Microsoft.Net\assembly\GAC_MSIL\System\v4.0_4.0.0.0__b77a5c561934e089\System.dll</ModulePath>
      <ModuleTime>2018-12-21T02:07:10.1620414Z</ModuleTime>
      <ModuleName>System</ModuleName>
      <Classes />
    </Module>
    <Module skippedDueTo="Filter" hash="">
      <ModulePath>RefEmit_InMemoryManifestModule</ModulePath>
      <ModuleTime>0001-01-01T00:00:00</ModuleTime>
      <ModuleName>Anonymously Hosted DynamicMethods Assembly</ModuleName>
      <Classes />
    </Module>
    <Module skippedDueTo="Filter" hash="7D-45-05-A6-9E-B6-70-31-DB-48-06-2E-47-17-6D-2B-48-72-2B-13">
      <ModulePath>E:\Desktop\ReloaedResearch\Reloaded.Hooks\Source\Reloaded.Hooks.Tests.X64\bin\x64\Debug\net472\Reloaded.Hooks.Tests.X64.dll</ModulePath>
      <ModuleTime>2018-12-30T21:09:25.0081741Z</ModuleTime>
      <ModuleName>Reloaded.Hooks.Tests.X64</ModuleName>
      <Classes />
    </Module>
    <Module skippedDueTo="Filter" hash="A5-B7-BC-42-9C-AA-2C-7A-42-E2-43-5A-2F-7B-F3-B2-00-B1-CB-E6">
      <ModulePath>E:\Desktop\ReloaedResearch\Reloaded.Hooks\Coverage\XUnit\xunit.runner.utility.net452.dll</ModulePath>
      <ModuleTime>2018-10-29T04:17:04Z</ModuleTime>
      <ModuleName>xunit.runner.utility.net452</ModuleName>
      <Classes />
    </Module>
    <Module skippedDueTo="Filter" hash="49-6C-CD-29-3F-A3-7E-7A-47-0F-BF-64-08-CD-7C-08-AA-09-97-66">
      <ModulePath>E:\Desktop\ReloaedResearch\Reloaded.Hooks\Source\Reloaded.Hooks.Tests.X64\bin\x64\Debug\net472\xunit.abstractions.dll</ModulePath>
      <ModuleTime>2018-07-17T05:12:04Z</ModuleTime>
      <ModuleName>xunit.abstractions</ModuleName>
      <Classes />
    </Module>
    <Module skippedDueTo="Filter" hash="97-2F-BC-60-7A-4D-DA-60-0F-B3-BD-66-57-2D-EE-DA-CC-7A-BB-C5">
      <ModulePath>E:\Desktop\ReloaedResearch\Reloaded.Hooks\Source\Reloaded.Hooks.Tests.X64\bin\x64\Debug\net472\xunit.execution.desktop.dll</ModulePath>
      <ModuleTime>2018-07-17T04:18:08Z</ModuleTime>
      <ModuleName>xunit.execution.desktop</ModuleName>
      <Classes />
    </Module>
    <Module skippedDueTo="Filter" hash="31-3C-9D-B0-A0-3A-A2-29-8A-27-CC-27-4D-46-B4-5D-FE-0B-F5-E6">
      <ModulePath>C:\WINDOWS\Microsoft.Net\assembly\GAC_MSIL\System\v4.0_4.0.0.0__b77a5c561934e089\System.dll</ModulePath>
      <ModuleTime>2018-12-21T02:07:10.1620414Z</ModuleTime>
      <ModuleName>System</ModuleName>
      <Classes />
    </Module>
    <Module skippedDueTo="Filter" hash="7D-45-05-A6-9E-B6-70-31-DB-48-06-2E-47-17-6D-2B-48-72-2B-13">
      <ModulePath>E:\Desktop\ReloaedResearch\Reloaded.Hooks\Source\Reloaded.Hooks.Tests.X64\bin\x64\Debug\net472\Reloaded.Hooks.Tests.X64.dll</ModulePath>
      <ModuleTime>2018-12-30T21:09:25.0081741Z</ModuleTime>
      <ModuleName>Reloaded.Hooks.Tests.X64</ModuleName>
      <Classes />
    </Module>
    <Module skippedDueTo="Filter" hash="49-6D-42-03-C6-53-6E-72-1F-76-78-AB-9F-52-DB-CC-3D-43-28-41">
      <ModulePath>E:\Desktop\ReloaedResearch\Reloaded.Hooks\Coverage\XUnit\xunit.console.exe</ModulePath>
      <ModuleTime>2018-10-29T04:17:04Z</ModuleTime>
      <ModuleName>xunit.console</ModuleName>
      <Classes />
    </Module>
    <Module skippedDueTo="Filter" hash="FA-74-A2-6B-77-B2-39-37-0B-76-A6-F1-4A-83-C4-93-E3-00-46-EB">
      <ModulePath>E:\Desktop\ReloaedResearch\Reloaded.Hooks\Source\Reloaded.Hooks.Tests.X64\bin\x64\Debug\net472\xunit.core.dll</ModulePath>
      <ModuleTime>2018-07-17T04:18:04Z</ModuleTime>
      <ModuleName>xunit.core</ModuleName>
      <Classes />
    </Module>
    <Module skippedDueTo="Filter" hash="1A-E2-AF-3D-61-D6-40-E6-D9-B9-D9-B6-1B-12-EB-19-5D-C8-35-37">
      <ModulePath>C:\WINDOWS\Microsoft.Net\assembly\GAC_MSIL\System.Core\v4.0_4.0.0.0__b77a5c561934e089\System.Core.dll</ModulePath>
      <ModuleTime>2018-12-21T02:07:15.3660056Z</ModuleTime>
      <ModuleName>System.Core</ModuleName>
      <Classes />
    </Module>
    <Module skippedDueTo="Filter" hash="4E-BE-F9-D9-5E-F2-05-BC-8B-96-5D-B1-3D-DE-45-56-63-B0-30-78">
      <ModulePath>C:\WINDOWS\Microsoft.Net\assembly\GAC_MSIL\System.Runtime\v4.0_4.0.0.0__b03f5f7f11d50a3a\System.Runtime.dll</ModulePath>
      <ModuleTime>2018-12-21T02:07:12.7557066Z</ModuleTime>
      <ModuleName>System.Runtime</ModuleName>
      <Classes />
    </Module>
    <Module skippedDueTo="Filter" hash="28-91-D7-0E-D2-B2-A4-C6-20-EE-0E-4D-58-DA-4C-66-C3-6E-AD-F0">
      <ModulePath>C:\WINDOWS\Microsoft.Net\assembly\GAC_MSIL\System.Threading.Tasks\v4.0_4.0.0.0__b03f5f7f11d50a3a\System.Threading.Tasks.dll</ModulePath>
      <ModuleTime>2018-12-21T02:07:15.6331185Z</ModuleTime>
      <ModuleName>System.Threading.Tasks</ModuleName>
      <Classes />
    </Module>
    <Module skippedDueTo="Filter" hash="97-2F-BC-60-7A-4D-DA-60-0F-B3-BD-66-57-2D-EE-DA-CC-7A-BB-C5">
      <ModulePath>E:\Desktop\ReloaedResearch\Reloaded.Hooks\Source\Reloaded.Hooks.Tests.X64\bin\x64\Debug\net472\xunit.execution.desktop.dll</ModulePath>
      <ModuleTime>2018-07-17T04:18:08Z</ModuleTime>
      <ModuleName>xunit.execution.desktop</ModuleName>
      <Classes />
    </Module>
    <Module skippedDueTo="Filter" hash="FA-74-A2-6B-77-B2-39-37-0B-76-A6-F1-4A-83-C4-93-E3-00-46-EB">
      <ModulePath>E:\Desktop\ReloaedResearch\Reloaded.Hooks\Source\Reloaded.Hooks.Tests.X64\bin\x64\Debug\net472\xunit.core.dll</ModulePath>
      <ModuleTime>2018-07-17T04:18:04Z</ModuleTime>
      <ModuleName>xunit.core</ModuleName>
      <Classes />
    </Module>
    <Module skippedDueTo="Filter" hash="4E-BE-F9-D9-5E-F2-05-BC-8B-96-5D-B1-3D-DE-45-56-63-B0-30-78">
      <ModulePath>C:\WINDOWS\Microsoft.Net\assembly\GAC_MSIL\System.Runtime\v4.0_4.0.0.0__b03f5f7f11d50a3a\System.Runtime.dll</ModulePath>
      <ModuleTime>2018-12-21T02:07:12.7557066Z</ModuleTime>
      <ModuleName>System.Runtime</ModuleName>
      <Classes />
    </Module>
    <Module skippedDueTo="Filter" hash="28-91-D7-0E-D2-B2-A4-C6-20-EE-0E-4D-58-DA-4C-66-C3-6E-AD-F0">
      <ModulePath>C:\WINDOWS\Microsoft.Net\assembly\GAC_MSIL\System.Threading.Tasks\v4.0_4.0.0.0__b03f5f7f11d50a3a\System.Threading.Tasks.dll</ModulePath>
      <ModuleTime>2018-12-21T02:07:15.6331185Z</ModuleTime>
      <ModuleName>System.Threading.Tasks</ModuleName>
      <Classes />
    </Module>
    <Module skippedDueTo="Filter" hash="29-D8-76-FF-10-34-81-EA-94-C0-45-30-B3-17-92-D2-A9-13-A7-70">
      <ModulePath>C:\WINDOWS\Microsoft.Net\assembly\GAC_MSIL\System.Collections\v4.0_4.0.0.0__b03f5f7f11d50a3a\System.Collections.dll</ModulePath>
      <ModuleTime>2018-12-21T02:07:12.8025806Z</ModuleTime>
      <ModuleName>System.Collections</ModuleName>
      <Classes />
    </Module>
    <Module skippedDueTo="Filter" hash="15-12-10-48-12-CD-70-B3-0E-63-91-19-1F-80-3B-E7-62-4F-AD-34">
      <ModulePath>E:\Desktop\ReloaedResearch\Reloaded.Hooks\Source\Reloaded.Hooks.Tests.X64\bin\x64\Debug\net472\Reloaded.Hooks.Tests.Shared.dll</ModulePath>
      <ModuleTime>2018-12-30T21:09:23.3609307Z</ModuleTime>
      <ModuleName>Reloaded.Hooks.Tests.Shared</ModuleName>
      <Classes />
    </Module>
    <Module skippedDueTo="Filter" hash="AC-00-D9-E9-D8-0F-34-9C-B5-1F-34-EA-04-61-48-0A-BD-70-AF-CD">
      <ModulePath>C:\WINDOWS\Microsoft.Net\assembly\GAC_MSIL\netstandard\v4.0_2.0.0.0__cc7b13ffcd2ddd51\netstandard.dll</ModulePath>
      <ModuleTime>2018-12-21T02:07:12.4432331Z</ModuleTime>
      <ModuleName>netstandard</ModuleName>
      <Classes />
    </Module>
    <Module hash="49-FC-F0-84-7A-0F-24-CD-EA-9B-36-0E-29-D1-46-9A-C5-26-C2-C0">
      <Summary numSequencePoints="776" visitedSequencePoints="457" numBranchPoints="279" visitedBranchPoints="157" sequenceCoverage="58.89" branchCoverage="56.27" maxCyclomaticComplexity="10" minCyclomaticComplexity="0" visitedClasses="15" numClasses="19" visitedMethods="73" numMethods="121" />
      <ModulePath>E:\Desktop\ReloaedResearch\Reloaded.Hooks\Source\Reloaded.Hooks.Tests.X64\bin\x64\Debug\net472\Reloaded.Hooks.dll</ModulePath>
      <ModuleTime>2018-12-30T21:09:20.70295Z</ModuleTime>
      <ModuleName>Reloaded.Hooks</ModuleName>
      <Files>
        <File uid="1" fullPath="E:\Desktop\ReloaedResearch\Reloaded.Hooks\Source\Reloaded.Hooks\HookException.cs" />
        <File uid="2" fullPath="E:\Desktop\ReloaedResearch\Reloaded.Hooks\Source\Reloaded.Hooks\X86\FunctionAttribute.cs" />
        <File uid="3" fullPath="E:\Desktop\ReloaedResearch\Reloaded.Hooks\Source\Reloaded.Hooks\X86\Hook.cs" />
        <File uid="4" fullPath="E:\Desktop\ReloaedResearch\Reloaded.Hooks\Source\Reloaded.Hooks\X86\ReverseWrapper.cs" />
        <File uid="5" fullPath="E:\Desktop\ReloaedResearch\Reloaded.Hooks\Source\Reloaded.Hooks\X86\Wrapper.cs" />
        <File uid="6" fullPath="E:\Desktop\ReloaedResearch\Reloaded.Hooks\Source\Reloaded.Hooks\X64\FunctionAttribute.cs" />
        <File uid="7" fullPath="E:\Desktop\ReloaedResearch\Reloaded.Hooks\Source\Reloaded.Hooks\X64\Hook.cs" />
        <File uid="8" fullPath="E:\Desktop\ReloaedResearch\Reloaded.Hooks\Source\Reloaded.Hooks\X64\ReverseWrapper.cs" />
        <File uid="9" fullPath="E:\Desktop\ReloaedResearch\Reloaded.Hooks\Source\Reloaded.Hooks\X64\Wrapper.cs" />
        <File uid="10" fullPath="E:\Desktop\ReloaedResearch\Reloaded.Hooks\Source\Reloaded.Hooks\Tools\FunctionPtr.cs" />
        <File uid="11" fullPath="E:\Desktop\ReloaedResearch\Reloaded.Hooks\Source\Reloaded.Hooks\Tools\Utilities.cs" />
        <File uid="13" fullPath="E:\Desktop\ReloaedResearch\Reloaded.Hooks\Source\Reloaded.Hooks\Tools\VirtualFunctionTable.cs" />
        <File uid="14" fullPath="E:\Desktop\ReloaedResearch\Reloaded.Hooks\Source\Reloaded.Hooks\Internal\AddressRange.cs" />
        <File uid="15" fullPath="E:\Desktop\ReloaedResearch\Reloaded.Hooks\Source\Reloaded.Hooks\Internal\FunctionPatch.cs" />
        <File uid="16" fullPath="E:\Desktop\ReloaedResearch\Reloaded.Hooks\Source\Reloaded.Hooks\Internal\FunctionPatcher.cs" />
        <File uid="18" fullPath="E:\Desktop\ReloaedResearch\Reloaded.Hooks\Source\Reloaded.Hooks\Internal\Patch.cs" />
        <File uid="19" fullPath="E:\Desktop\ReloaedResearch\Reloaded.Hooks\Source\Reloaded.Hooks\Internal\Testing\FunctionPatcherTesting.cs" />
      </Files>
      <Classes>
        <Class>
          <Summary numSequencePoints="0" visitedSequencePoints="0" numBranchPoints="0" visitedBranchPoints="0" sequenceCoverage="0" branchCoverage="0" maxCyclomaticComplexity="0" minCyclomaticComplexity="0" visitedClasses="0" numClasses="0" visitedMethods="0" numMethods="0" />
          <FullName>&lt;Module&gt;</FullName>
          <Methods />
        </Class>
        <Class>
          <Summary numSequencePoints="12" visitedSequencePoints="0" numBranchPoints="4" visitedBranchPoints="0" sequenceCoverage="0" branchCoverage="0" maxCyclomaticComplexity="1" minCyclomaticComplexity="1" visitedClasses="0" numClasses="1" visitedMethods="0" numMethods="4" />
          <FullName>Reloaded.Hooks.HookException</FullName>
          <Methods>
            <Method visited="false" cyclomaticComplexity="1" nPathComplexity="0" sequenceCoverage="0" branchCoverage="0" isConstructor="true" isStatic="false" isGetter="false" isSetter="false">
              <Summary numSequencePoints="3" visitedSequencePoints="0" numBranchPoints="1" visitedBranchPoints="0" sequenceCoverage="0" branchCoverage="0" maxCyclomaticComplexity="1" minCyclomaticComplexity="1" visitedClasses="0" numClasses="0" visitedMethods="0" numMethods="1" />
              <MetadataToken>100663297</MetadataToken>
              <Name>System.Void Reloaded.Hooks.HookException::.ctor()</Name>
              <FileRef uid="1" />
              <SequencePoints>
                <SequencePoint vc="0" uspid="1" ordinal="0" offset="0" sl="10" sc="9" el="10" ec="31" bec="0" bev="0" fileid="1" />
                <SequencePoint vc="0" uspid="2" ordinal="1" offset="7" sl="10" sc="32" el="10" ec="33" bec="0" bev="0" fileid="1" />
                <SequencePoint vc="0" uspid="3" ordinal="2" offset="8" sl="10" sc="34" el="10" ec="35" bec="0" bev="0" fileid="1" />
              </SequencePoints>
              <BranchPoints />
              <MethodPoint xsi:type="SequencePoint" vc="0" uspid="1" ordinal="0" offset="0" sl="10" sc="9" el="10" ec="31" bec="0" bev="0" fileid="1" />
            </Method>
            <Method visited="false" cyclomaticComplexity="1" nPathComplexity="0" sequenceCoverage="0" branchCoverage="0" isConstructor="true" isStatic="false" isGetter="false" isSetter="false">
              <Summary numSequencePoints="3" visitedSequencePoints="0" numBranchPoints="1" visitedBranchPoints="0" sequenceCoverage="0" branchCoverage="0" maxCyclomaticComplexity="1" minCyclomaticComplexity="1" visitedClasses="0" numClasses="0" visitedMethods="0" numMethods="1" />
              <MetadataToken>100663298</MetadataToken>
              <Name>System.Void Reloaded.Hooks.HookException::.ctor(System.String)</Name>
              <FileRef uid="1" />
              <SequencePoints>
                <SequencePoint vc="0" uspid="4" ordinal="0" offset="0" sl="11" sc="48" el="11" ec="61" bec="0" bev="0" fileid="1" />
                <SequencePoint vc="0" uspid="5" ordinal="1" offset="8" sl="11" sc="62" el="11" ec="63" bec="0" bev="0" fileid="1" />
                <SequencePoint vc="0" uspid="6" ordinal="2" offset="9" sl="11" sc="64" el="11" ec="65" bec="0" bev="0" fileid="1" />
              </SequencePoints>
              <BranchPoints />
              <MethodPoint xsi:type="SequencePoint" vc="0" uspid="4" ordinal="0" offset="0" sl="11" sc="48" el="11" ec="61" bec="0" bev="0" fileid="1" />
            </Method>
            <Method visited="false" cyclomaticComplexity="1" nPathComplexity="0" sequenceCoverage="0" branchCoverage="0" isConstructor="true" isStatic="false" isGetter="false" isSetter="false">
              <Summary numSequencePoints="3" visitedSequencePoints="0" numBranchPoints="1" visitedBranchPoints="0" sequenceCoverage="0" branchCoverage="0" maxCyclomaticComplexity="1" minCyclomaticComplexity="1" visitedClasses="0" numClasses="0" visitedMethods="0" numMethods="1" />
              <MetadataToken>100663299</MetadataToken>
              <Name>System.Void Reloaded.Hooks.HookException::.ctor(System.String,System.Exception)</Name>
              <FileRef uid="1" />
              <SequencePoints>
                <SequencePoint vc="0" uspid="7" ordinal="0" offset="0" sl="12" sc="74" el="12" ec="103" bec="0" bev="0" fileid="1" />
                <SequencePoint vc="0" uspid="8" ordinal="1" offset="9" sl="12" sc="104" el="12" ec="105" bec="0" bev="0" fileid="1" />
                <SequencePoint vc="0" uspid="9" ordinal="2" offset="10" sl="12" sc="106" el="12" ec="107" bec="0" bev="0" fileid="1" />
              </SequencePoints>
              <BranchPoints />
              <MethodPoint xsi:type="SequencePoint" vc="0" uspid="7" ordinal="0" offset="0" sl="12" sc="74" el="12" ec="103" bec="0" bev="0" fileid="1" />
            </Method>
            <Method visited="false" cyclomaticComplexity="1" nPathComplexity="0" sequenceCoverage="0" branchCoverage="0" isConstructor="true" isStatic="false" isGetter="false" isSetter="false">
              <Summary numSequencePoints="3" visitedSequencePoints="0" numBranchPoints="1" visitedBranchPoints="0" sequenceCoverage="0" branchCoverage="0" maxCyclomaticComplexity="1" minCyclomaticComplexity="1" visitedClasses="0" numClasses="0" visitedMethods="0" numMethods="1" />
              <MetadataToken>100663300</MetadataToken>
              <Name>System.Void Reloaded.Hooks.HookException::.ctor(System.Runtime.Serialization.SerializationInfo,System.Runtime.Serialization.StreamingContext)</Name>
              <FileRef uid="1" />
              <SequencePoints>
                <SequencePoint vc="0" uspid="10" ordinal="0" offset="0" sl="13" sc="85" el="13" ec="104" bec="0" bev="0" fileid="1" />
                <SequencePoint vc="0" uspid="11" ordinal="1" offset="9" sl="13" sc="105" el="13" ec="106" bec="0" bev="0" fileid="1" />
                <SequencePoint vc="0" uspid="12" ordinal="2" offset="10" sl="13" sc="107" el="13" ec="108" bec="0" bev="0" fileid="1" />
              </SequencePoints>
              <BranchPoints />
              <MethodPoint xsi:type="SequencePoint" vc="0" uspid="10" ordinal="0" offset="0" sl="13" sc="85" el="13" ec="104" bec="0" bev="0" fileid="1" />
            </Method>
          </Methods>
        </Class>
        <Class>
          <Summary numSequencePoints="73" visitedSequencePoints="8" numBranchPoints="20" visitedBranchPoints="2" sequenceCoverage="10.96" branchCoverage="10" maxCyclomaticComplexity="7" minCyclomaticComplexity="1" visitedClasses="1" numClasses="1" visitedMethods="1" numMethods="10" />
          <FullName>Reloaded.Hooks.X86.FunctionAttribute</FullName>
          <Methods>
            <Method visited="false" cyclomaticComplexity="1" nPathComplexity="0" sequenceCoverage="0" branchCoverage="0" isConstructor="false" isStatic="false" isGetter="true" isSetter="false">
              <Summary numSequencePoints="1" visitedSequencePoints="0" numBranchPoints="1" visitedBranchPoints="0" sequenceCoverage="0" branchCoverage="0" maxCyclomaticComplexity="1" minCyclomaticComplexity="1" visitedClasses="0" numClasses="0" visitedMethods="0" numMethods="1" />
              <MetadataToken>100663308</MetadataToken>
              <Name>Reloaded.Hooks.X86.FunctionAttribute/Register[] Reloaded.Hooks.X86.FunctionAttribute::get_SourceRegisters()</Name>
              <FileRef uid="2" />
              <SequencePoints>
                <SequencePoint vc="0" uspid="13" ordinal="0" offset="0" sl="36" sc="45" el="36" ec="49" bec="0" bev="0" fileid="2" />
              </SequencePoints>
              <BranchPoints />
              <MethodPoint xsi:type="SequencePoint" vc="0" uspid="13" ordinal="0" offset="0" sl="36" sc="45" el="36" ec="49" bec="0" bev="0" fileid="2" />
            </Method>
            <Method visited="false" cyclomaticComplexity="1" nPathComplexity="0" sequenceCoverage="0" branchCoverage="0" isConstructor="false" isStatic="false" isGetter="true" isSetter="false">
              <Summary numSequencePoints="1" visitedSequencePoints="0" numBranchPoints="1" visitedBranchPoints="0" sequenceCoverage="0" branchCoverage="0" maxCyclomaticComplexity="1" minCyclomaticComplexity="1" visitedClasses="0" numClasses="0" visitedMethods="0" numMethods="1" />
              <MetadataToken>100663309</MetadataToken>
              <Name>Reloaded.Hooks.X86.FunctionAttribute/Register Reloaded.Hooks.X86.FunctionAttribute::get_ReturnRegister()</Name>
              <FileRef uid="2" />
              <SequencePoints>
                <SequencePoint vc="0" uspid="14" ordinal="0" offset="0" sl="42" sc="42" el="42" ec="46" bec="0" bev="0" fileid="2" />
              </SequencePoints>
              <BranchPoints />
              <MethodPoint xsi:type="SequencePoint" vc="0" uspid="14" ordinal="0" offset="0" sl="42" sc="42" el="42" ec="46" bec="0" bev="0" fileid="2" />
            </Method>
            <Method visited="false" cyclomaticComplexity="1" nPathComplexity="0" sequenceCoverage="0" branchCoverage="0" isConstructor="false" isStatic="false" isGetter="true" isSetter="false">
              <Summary numSequencePoints="1" visitedSequencePoints="0" numBranchPoints="1" visitedBranchPoints="0" sequenceCoverage="0" branchCoverage="0" maxCyclomaticComplexity="1" minCyclomaticComplexity="1" visitedClasses="0" numClasses="0" visitedMethods="0" numMethods="1" />
              <MetadataToken>100663310</MetadataToken>
              <Name>Reloaded.Hooks.X86.FunctionAttribute/StackCleanup Reloaded.Hooks.X86.FunctionAttribute::get_Cleanup()</Name>
              <FileRef uid="2" />
              <SequencePoints>
                <SequencePoint vc="0" uspid="15" ordinal="0" offset="0" sl="49" sc="39" el="49" ec="43" bec="0" bev="0" fileid="2" />
              </SequencePoints>
              <BranchPoints />
              <MethodPoint xsi:type="SequencePoint" vc="0" uspid="15" ordinal="0" offset="0" sl="49" sc="39" el="49" ec="43" bec="0" bev="0" fileid="2" />
            </Method>
            <Method visited="false" cyclomaticComplexity="1" nPathComplexity="0" sequenceCoverage="0" branchCoverage="0" isConstructor="false" isStatic="false" isGetter="true" isSetter="false">
              <Summary numSequencePoints="1" visitedSequencePoints="0" numBranchPoints="1" visitedBranchPoints="0" sequenceCoverage="0" branchCoverage="0" maxCyclomaticComplexity="1" minCyclomaticComplexity="1" visitedClasses="0" numClasses="0" visitedMethods="0" numMethods="1" />
              <MetadataToken>100663311</MetadataToken>
              <Name>System.Int32 Reloaded.Hooks.X86.FunctionAttribute::get_ReservedStackSpace()</Name>
              <FileRef uid="2" />
              <SequencePoints>
                <SequencePoint vc="0" uspid="16" ordinal="0" offset="0" sl="55" sc="41" el="55" ec="45" bec="0" bev="0" fileid="2" />
              </SequencePoints>
              <BranchPoints />
              <MethodPoint xsi:type="SequencePoint" vc="0" uspid="16" ordinal="0" offset="0" sl="55" sc="41" el="55" ec="45" bec="0" bev="0" fileid="2" />
            </Method>
            <Method visited="false" cyclomaticComplexity="1" nPathComplexity="0" sequenceCoverage="0" branchCoverage="0" isConstructor="true" isStatic="false" isGetter="false" isSetter="false">
              <Summary numSequencePoints="7" visitedSequencePoints="0" numBranchPoints="1" visitedBranchPoints="0" sequenceCoverage="0" branchCoverage="0" maxCyclomaticComplexity="1" minCyclomaticComplexity="1" visitedClasses="0" numClasses="0" visitedMethods="0" numMethods="1" />
              <MetadataToken>100663312</MetadataToken>
              <Name>System.Void Reloaded.Hooks.X86.FunctionAttribute::.ctor(Reloaded.Hooks.X86.FunctionAttribute/Register[],Reloaded.Hooks.X86.FunctionAttribute/Register,Reloaded.Hooks.X86.FunctionAttribute/StackCleanup,System.Int32)</Name>
              <FileRef uid="2" />
              <SequencePoints>
                <SequencePoint vc="0" uspid="17" ordinal="0" offset="0" sl="84" sc="9" el="84" ec="141" bec="0" bev="0" fileid="2" />
                <SequencePoint vc="0" uspid="18" ordinal="1" offset="7" sl="85" sc="9" el="85" ec="10" bec="0" bev="0" fileid="2" />
                <SequencePoint vc="0" uspid="19" ordinal="2" offset="8" sl="86" sc="13" el="86" ec="47" bec="0" bev="0" fileid="2" />
                <SequencePoint vc="0" uspid="20" ordinal="3" offset="15" sl="87" sc="13" el="87" ec="45" bec="0" bev="0" fileid="2" />
                <SequencePoint vc="0" uspid="21" ordinal="4" offset="22" sl="88" sc="13" el="88" ec="36" bec="0" bev="0" fileid="2" />
                <SequencePoint vc="0" uspid="22" ordinal="5" offset="29" sl="89" sc="13" el="89" ec="53" bec="0" bev="0" fileid="2" />
                <SequencePoint vc="0" uspid="23" ordinal="6" offset="37" sl="90" sc="9" el="90" ec="10" bec="0" bev="0" fileid="2" />
              </SequencePoints>
              <BranchPoints />
              <MethodPoint xsi:type="SequencePoint" vc="0" uspid="17" ordinal="0" offset="0" sl="84" sc="9" el="84" ec="141" bec="0" bev="0" fileid="2" />
            </Method>
            <Method visited="false" cyclomaticComplexity="1" nPathComplexity="0" sequenceCoverage="0" branchCoverage="0" isConstructor="true" isStatic="false" isGetter="false" isSetter="false">
              <Summary numSequencePoints="7" visitedSequencePoints="0" numBranchPoints="1" visitedBranchPoints="0" sequenceCoverage="0" branchCoverage="0" maxCyclomaticComplexity="1" minCyclomaticComplexity="1" visitedClasses="0" numClasses="0" visitedMethods="0" numMethods="1" />
              <MetadataToken>100663313</MetadataToken>
              <Name>System.Void Reloaded.Hooks.X86.FunctionAttribute::.ctor(Reloaded.Hooks.X86.FunctionAttribute/Register,Reloaded.Hooks.X86.FunctionAttribute/Register,Reloaded.Hooks.X86.FunctionAttribute/StackCleanup,System.Int32)</Name>
              <FileRef uid="2" />
              <SequencePoints>
                <SequencePoint vc="0" uspid="24" ordinal="0" offset="0" sl="99" sc="9" el="99" ec="138" bec="0" bev="0" fileid="2" />
                <SequencePoint vc="0" uspid="25" ordinal="1" offset="7" sl="100" sc="9" el="100" ec="10" bec="0" bev="0" fileid="2" />
                <SequencePoint vc="0" uspid="26" ordinal="2" offset="8" sl="101" sc="13" el="101" ec="56" bec="0" bev="0" fileid="2" />
                <SequencePoint vc="0" uspid="27" ordinal="3" offset="24" sl="102" sc="13" el="102" ec="45" bec="0" bev="0" fileid="2" />
                <SequencePoint vc="0" uspid="28" ordinal="4" offset="31" sl="103" sc="13" el="103" ec="36" bec="0" bev="0" fileid="2" />
                <SequencePoint vc="0" uspid="29" ordinal="5" offset="38" sl="104" sc="13" el="104" ec="53" bec="0" bev="0" fileid="2" />
                <SequencePoint vc="0" uspid="30" ordinal="6" offset="46" sl="105" sc="9" el="105" ec="10" bec="0" bev="0" fileid="2" />
              </SequencePoints>
              <BranchPoints />
              <MethodPoint xsi:type="SequencePoint" vc="0" uspid="24" ordinal="0" offset="0" sl="99" sc="9" el="99" ec="138" bec="0" bev="0" fileid="2" />
            </Method>
            <Method visited="true" cyclomaticComplexity="7" nPathComplexity="6" sequenceCoverage="32" branchCoverage="28.57" isConstructor="true" isStatic="false" isGetter="false" isSetter="false">
              <Summary numSequencePoints="25" visitedSequencePoints="8" numBranchPoints="7" visitedBranchPoints="2" sequenceCoverage="32" branchCoverage="28.57" maxCyclomaticComplexity="7" minCyclomaticComplexity="7" visitedClasses="0" numClasses="0" visitedMethods="1" numMethods="1" />
              <MetadataToken>100663314</MetadataToken>
              <Name>System.Void Reloaded.Hooks.X86.FunctionAttribute::.ctor(Reloaded.Hooks.X86.CallingConventions)</Name>
              <FileRef uid="2" />
              <SequencePoints>
                <SequencePoint vc="123" uspid="31" ordinal="0" offset="0" sl="115" sc="9" el="115" ec="71" bec="0" bev="0" fileid="2" />
                <SequencePoint vc="123" uspid="32" ordinal="1" offset="7" sl="116" sc="9" el="116" ec="10" bec="0" bev="0" fileid="2" />
                <SequencePoint vc="123" uspid="33" ordinal="2" offset="8" sl="117" sc="13" el="117" ec="39" bec="6" bev="1" fileid="2" />
                <SequencePoint vc="123" uspid="34" ordinal="3" offset="41" sl="120" sc="21" el="120" ec="55" bec="0" bev="0" fileid="2" />
                <SequencePoint vc="123" uspid="35" ordinal="4" offset="53" sl="121" sc="21" el="121" ec="51" bec="0" bev="0" fileid="2" />
                <SequencePoint vc="123" uspid="36" ordinal="5" offset="60" sl="122" sc="21" el="122" ec="51" bec="0" bev="0" fileid="2" />
                <SequencePoint vc="123" uspid="37" ordinal="6" offset="67" sl="123" sc="21" el="123" ec="27" bec="0" bev="0" fileid="2" />
                <SequencePoint vc="0" uspid="38" ordinal="7" offset="72" sl="126" sc="21" el="126" ec="55" bec="0" bev="0" fileid="2" />
                <SequencePoint vc="0" uspid="39" ordinal="8" offset="84" sl="127" sc="21" el="127" ec="51" bec="0" bev="0" fileid="2" />
                <SequencePoint vc="0" uspid="40" ordinal="9" offset="91" sl="128" sc="21" el="128" ec="51" bec="0" bev="0" fileid="2" />
                <SequencePoint vc="0" uspid="41" ordinal="10" offset="98" sl="129" sc="21" el="129" ec="27" bec="0" bev="0" fileid="2" />
                <SequencePoint vc="0" uspid="42" ordinal="11" offset="103" sl="132" sc="21" el="132" ec="76" bec="0" bev="0" fileid="2" />
                <SequencePoint vc="0" uspid="43" ordinal="12" offset="123" sl="133" sc="21" el="133" ec="51" bec="0" bev="0" fileid="2" />
                <SequencePoint vc="0" uspid="44" ordinal="13" offset="130" sl="134" sc="21" el="134" ec="51" bec="0" bev="0" fileid="2" />
                <SequencePoint vc="0" uspid="45" ordinal="14" offset="137" sl="135" sc="21" el="135" ec="27" bec="0" bev="0" fileid="2" />
                <SequencePoint vc="0" uspid="46" ordinal="15" offset="139" sl="138" sc="21" el="138" ec="62" bec="0" bev="0" fileid="2" />
                <SequencePoint vc="0" uspid="47" ordinal="16" offset="155" sl="139" sc="21" el="139" ec="51" bec="0" bev="0" fileid="2" />
                <SequencePoint vc="0" uspid="48" ordinal="17" offset="162" sl="140" sc="21" el="140" ec="51" bec="0" bev="0" fileid="2" />
                <SequencePoint vc="0" uspid="49" ordinal="18" offset="169" sl="141" sc="21" el="141" ec="27" bec="0" bev="0" fileid="2" />
                <SequencePoint vc="0" uspid="50" ordinal="19" offset="171" sl="144" sc="21" el="144" ec="55" bec="0" bev="0" fileid="2" />
                <SequencePoint vc="0" uspid="51" ordinal="20" offset="183" sl="145" sc="21" el="145" ec="51" bec="0" bev="0" fileid="2" />
                <SequencePoint vc="0" uspid="52" ordinal="21" offset="190" sl="146" sc="21" el="146" ec="51" bec="0" bev="0" fileid="2" />
                <SequencePoint vc="0" uspid="53" ordinal="22" offset="197" sl="147" sc="21" el="147" ec="27" bec="0" bev="0" fileid="2" />
                <SequencePoint vc="0" uspid="54" ordinal="23" offset="199" sl="150" sc="21" el="150" ec="144" bec="0" bev="0" fileid="2" />
                <SequencePoint vc="123" uspid="55" ordinal="24" offset="231" sl="152" sc="9" el="152" ec="10" bec="0" bev="0" fileid="2" />
              </SequencePoints>
              <BranchPoints>
                <BranchPoint vc="0" uspid="56" ordinal="0" offset="11" sl="117" path="0" offsetchain="36" offsetend="199" fileid="2" />
                <BranchPoint vc="123" uspid="57" ordinal="1" offset="11" sl="117" path="1" offsetend="41" fileid="2" />
                <BranchPoint vc="0" uspid="58" ordinal="2" offset="11" sl="117" path="2" offsetend="72" fileid="2" />
                <BranchPoint vc="0" uspid="59" ordinal="3" offset="11" sl="117" path="3" offsetend="103" fileid="2" />
                <BranchPoint vc="0" uspid="60" ordinal="4" offset="11" sl="117" path="4" offsetend="139" fileid="2" />
                <BranchPoint vc="0" uspid="61" ordinal="5" offset="11" sl="117" path="5" offsetend="171" fileid="2" />
              </BranchPoints>
              <MethodPoint xsi:type="SequencePoint" vc="123" uspid="31" ordinal="0" offset="0" sl="115" sc="9" el="115" ec="71" bec="0" bev="0" fileid="2" />
            </Method>
            <Method visited="false" cyclomaticComplexity="3" nPathComplexity="2" sequenceCoverage="0" branchCoverage="0" isConstructor="false" isStatic="true" isGetter="false" isSetter="false">
              <Summary numSequencePoints="11" visitedSequencePoints="0" numBranchPoints="3" visitedBranchPoints="0" sequenceCoverage="0" branchCoverage="0" maxCyclomaticComplexity="3" minCyclomaticComplexity="3" visitedClasses="0" numClasses="0" visitedMethods="0" numMethods="1" />
              <MetadataToken>100663315</MetadataToken>
              <Name>Reloaded.Hooks.X86.FunctionAttribute Reloaded.Hooks.X86.FunctionAttribute::GetAttribute()</Name>
              <FileRef uid="2" />
              <SequencePoints>
                <SequencePoint vc="0" uspid="62" ordinal="0" offset="0" sl="158" sc="9" el="158" ec="10" bec="0" bev="0" fileid="2" />
                <SequencePoint vc="0" uspid="63" ordinal="1" offset="1" sl="159" sc="13" el="159" ec="20" bec="0" bev="0" fileid="2" />
                <SequencePoint vc="0" uspid="64" ordinal="2" offset="2" sl="159" sc="45" el="159" ec="89" bec="0" bev="0" fileid="2" />
                <SequencePoint vc="0" uspid="65" ordinal="3" offset="23" sl="159" sc="22" el="159" ec="41" bec="0" bev="0" fileid="2" />
                <SequencePoint vc="0" uspid="66" ordinal="4" offset="32" sl="160" sc="13" el="160" ec="14" bec="0" bev="0" fileid="2" />
                <SequencePoint vc="0" uspid="67" ordinal="5" offset="33" sl="161" sc="17" el="161" ec="69" bec="2" bev="0" fileid="2" />
                <SequencePoint vc="0" uspid="68" ordinal="6" offset="50" sl="162" sc="21" el="162" ec="45" bec="0" bev="0" fileid="2" />
                <SequencePoint vc="0" uspid="69" ordinal="7" offset="55" sl="163" sc="13" el="163" ec="14" bec="0" bev="0" fileid="2" />
                <SequencePoint vc="0" uspid="70" ordinal="8" offset="60" sl="159" sc="42" el="159" ec="44" bec="0" bev="0" fileid="2" />
                <SequencePoint vc="0" uspid="71" ordinal="9" offset="66" sl="165" sc="13" el="166" ec="128" bec="0" bev="0" fileid="2" />
                <SequencePoint vc="0" uspid="72" ordinal="10" offset="143" sl="167" sc="9" el="167" ec="10" bec="0" bev="0" fileid="2" />
              </SequencePoints>
              <BranchPoints>
                <BranchPoint vc="0" uspid="73" ordinal="0" offset="48" sl="161" path="0" offsetend="50" fileid="2" />
                <BranchPoint vc="0" uspid="74" ordinal="1" offset="48" sl="161" path="1" offsetend="55" fileid="2" />
              </BranchPoints>
              <MethodPoint xsi:type="SequencePoint" vc="0" uspid="62" ordinal="0" offset="0" sl="158" sc="9" el="158" ec="10" bec="0" bev="0" fileid="2" />
            </Method>
            <Method visited="false" cyclomaticComplexity="4" nPathComplexity="2" sequenceCoverage="0" branchCoverage="0" isConstructor="false" isStatic="false" isGetter="false" isSetter="false">
              <Summary numSequencePoints="6" visitedSequencePoints="0" numBranchPoints="3" visitedBranchPoints="0" sequenceCoverage="0" branchCoverage="0" maxCyclomaticComplexity="4" minCyclomaticComplexity="4" visitedClasses="0" numClasses="0" visitedMethods="0" numMethods="1" />
              <MetadataToken>100663316</MetadataToken>
              <Name>System.Boolean Reloaded.Hooks.X86.FunctionAttribute::Equals(System.Object)</Name>
              <FileRef uid="2" />
              <SequencePoints>
                <SequencePoint vc="0" uspid="77" ordinal="0" offset="0" sl="172" sc="9" el="172" ec="10" bec="0" bev="0" fileid="2" />
                <SequencePoint vc="0" uspid="78" ordinal="1" offset="1" sl="173" sc="13" el="173" ec="76" bec="0" bev="0" fileid="2" />
                <SequencePoint vc="0" uspid="79" ordinal="2" offset="8" sl="175" sc="13" el="175" ec="43" bec="2" bev="0" fileid="2" />
                <SequencePoint vc="0" uspid="80" ordinal="3" offset="16" sl="176" sc="17" el="176" ec="30" bec="0" bev="0" fileid="2" />
                <SequencePoint vc="0" uspid="81" ordinal="4" offset="20" sl="178" sc="13" el="180" ec="85" bec="0" bev="0" fileid="2" />
                <SequencePoint vc="0" uspid="82" ordinal="5" offset="71" sl="181" sc="9" el="181" ec="10" bec="0" bev="0" fileid="2" />
              </SequencePoints>
              <BranchPoints>
                <BranchPoint vc="0" uspid="83" ordinal="0" offset="14" sl="175" path="0" offsetend="16" fileid="2" />
                <BranchPoint vc="0" uspid="84" ordinal="1" offset="14" sl="175" path="1" offsetend="20" fileid="2" />
              </BranchPoints>
              <MethodPoint xsi:type="SequencePoint" vc="0" uspid="77" ordinal="0" offset="0" sl="172" sc="9" el="172" ec="10" bec="0" bev="0" fileid="2" />
            </Method>
            <Method visited="false" cyclomaticComplexity="2" nPathComplexity="0" sequenceCoverage="0" branchCoverage="0" isConstructor="false" isStatic="false" isGetter="false" isSetter="false">
              <Summary numSequencePoints="13" visitedSequencePoints="0" numBranchPoints="1" visitedBranchPoints="0" sequenceCoverage="0" branchCoverage="0" maxCyclomaticComplexity="2" minCyclomaticComplexity="2" visitedClasses="0" numClasses="0" visitedMethods="0" numMethods="1" />
              <MetadataToken>100663317</MetadataToken>
              <Name>System.Int32 Reloaded.Hooks.X86.FunctionAttribute::GetHashCode()</Name>
              <FileRef uid="2" />
              <SequencePoints>
                <SequencePoint vc="0" uspid="89" ordinal="0" offset="0" sl="184" sc="9" el="184" ec="10" bec="0" bev="0" fileid="2" />
                <SequencePoint vc="0" uspid="90" ordinal="1" offset="1" sl="185" sc="13" el="185" ec="34" bec="0" bev="0" fileid="2" />
                <SequencePoint vc="0" uspid="91" ordinal="2" offset="4" sl="187" sc="13" el="187" ec="20" bec="0" bev="0" fileid="2" />
                <SequencePoint vc="0" uspid="92" ordinal="3" offset="5" sl="187" sc="43" el="187" ec="58" bec="0" bev="0" fileid="2" />
                <SequencePoint vc="0" uspid="93" ordinal="4" offset="16" sl="187" sc="22" el="187" ec="39" bec="0" bev="0" fileid="2" />
                <SequencePoint vc="0" uspid="94" ordinal="5" offset="20" sl="188" sc="13" el="188" ec="14" bec="0" bev="0" fileid="2" />
                <SequencePoint vc="0" uspid="95" ordinal="6" offset="21" sl="188" sc="15" el="188" ec="63" bec="0" bev="0" fileid="2" />
                <SequencePoint vc="0" uspid="96" ordinal="7" offset="27" sl="188" sc="64" el="188" ec="65" bec="0" bev="0" fileid="2" />
                <SequencePoint vc="0" uspid="97" ordinal="8" offset="32" sl="187" sc="40" el="187" ec="42" bec="0" bev="0" fileid="2" />
                <SequencePoint vc="0" uspid="98" ordinal="9" offset="38" sl="190" sc="13" el="190" ec="67" bec="0" bev="0" fileid="2" />
                <SequencePoint vc="0" uspid="99" ordinal="10" offset="49" sl="191" sc="13" el="191" ec="60" bec="0" bev="0" fileid="2" />
                <SequencePoint vc="0" uspid="100" ordinal="11" offset="60" sl="193" sc="13" el="193" ec="32" bec="0" bev="0" fileid="2" />
                <SequencePoint vc="0" uspid="101" ordinal="12" offset="65" sl="194" sc="9" el="194" ec="10" bec="0" bev="0" fileid="2" />
              </SequencePoints>
              <BranchPoints />
              <MethodPoint xsi:type="SequencePoint" vc="0" uspid="89" ordinal="0" offset="0" sl="184" sc="9" el="184" ec="10" bec="0" bev="0" fileid="2" />
            </Method>
          </Methods>
        </Class>
        <Class>
          <Summary numSequencePoints="49" visitedSequencePoints="0" numBranchPoints="16" visitedBranchPoints="0" sequenceCoverage="0" branchCoverage="0" maxCyclomaticComplexity="4" minCyclomaticComplexity="1" visitedClasses="0" numClasses="1" visitedMethods="0" numMethods="10" />
          <FullName>Reloaded.Hooks.X86.Hook`1</FullName>
          <Methods>
            <Method visited="false" cyclomaticComplexity="1" nPathComplexity="0" sequenceCoverage="0" branchCoverage="0" isConstructor="false" isStatic="false" isGetter="true" isSetter="false">
              <Summary numSequencePoints="1" visitedSequencePoints="0" numBranchPoints="1" visitedBranchPoints="0" sequenceCoverage="0" branchCoverage="0" maxCyclomaticComplexity="1" minCyclomaticComplexity="1" visitedClasses="0" numClasses="0" visitedMethods="0" numMethods="1" />
              <MetadataToken>100663318</MetadataToken>
              <Name>TFunction Reloaded.Hooks.X86.Hook`1::get_OriginalFunction()</Name>
              <FileRef uid="3" />
              <SequencePoints>
                <SequencePoint vc="0" uspid="104" ordinal="0" offset="0" sl="21" sc="45" el="21" ec="49" bec="0" bev="0" fileid="3" />
              </SequencePoints>
              <BranchPoints />
              <MethodPoint xsi:type="SequencePoint" vc="0" uspid="104" ordinal="0" offset="0" sl="21" sc="45" el="21" ec="49" bec="0" bev="0" fileid="3" />
            </Method>
            <Method visited="false" cyclomaticComplexity="1" nPathComplexity="0" sequenceCoverage="0" branchCoverage="0" isConstructor="false" isStatic="false" isGetter="false" isSetter="true">
              <Summary numSequencePoints="1" visitedSequencePoints="0" numBranchPoints="1" visitedBranchPoints="0" sequenceCoverage="0" branchCoverage="0" maxCyclomaticComplexity="1" minCyclomaticComplexity="1" visitedClasses="0" numClasses="0" visitedMethods="0" numMethods="1" />
              <MetadataToken>100663319</MetadataToken>
              <Name>System.Void Reloaded.Hooks.X86.Hook`1::set_OriginalFunction(TFunction)</Name>
              <FileRef uid="3" />
              <SequencePoints>
                <SequencePoint vc="0" uspid="105" ordinal="0" offset="0" sl="21" sc="50" el="21" ec="62" bec="0" bev="0" fileid="3" />
              </SequencePoints>
              <BranchPoints />
              <MethodPoint xsi:type="SequencePoint" vc="0" uspid="105" ordinal="0" offset="0" sl="21" sc="50" el="21" ec="62" bec="0" bev="0" fileid="3" />
            </Method>
            <Method visited="false" cyclomaticComplexity="1" nPathComplexity="0" sequenceCoverage="0" branchCoverage="0" isConstructor="false" isStatic="false" isGetter="true" isSetter="false">
              <Summary numSequencePoints="1" visitedSequencePoints="0" numBranchPoints="1" visitedBranchPoints="0" sequenceCoverage="0" branchCoverage="0" maxCyclomaticComplexity="1" minCyclomaticComplexity="1" visitedClasses="0" numClasses="0" visitedMethods="0" numMethods="1" />
              <MetadataToken>100663320</MetadataToken>
              <Name>System.IntPtr Reloaded.Hooks.X86.Hook`1::get_OriginalFunctionAddress()</Name>
              <FileRef uid="3" />
              <SequencePoints>
                <SequencePoint vc="0" uspid="106" ordinal="0" offset="0" sl="26" sc="49" el="26" ec="53" bec="0" bev="0" fileid="3" />
              </SequencePoints>
              <BranchPoints />
              <MethodPoint xsi:type="SequencePoint" vc="0" uspid="106" ordinal="0" offset="0" sl="26" sc="49" el="26" ec="53" bec="0" bev="0" fileid="3" />
            </Method>
            <Method visited="false" cyclomaticComplexity="1" nPathComplexity="0" sequenceCoverage="0" branchCoverage="0" isConstructor="false" isStatic="false" isGetter="false" isSetter="true">
              <Summary numSequencePoints="1" visitedSequencePoints="0" numBranchPoints="1" visitedBranchPoints="0" sequenceCoverage="0" branchCoverage="0" maxCyclomaticComplexity="1" minCyclomaticComplexity="1" visitedClasses="0" numClasses="0" visitedMethods="0" numMethods="1" />
              <MetadataToken>100663321</MetadataToken>
              <Name>System.Void Reloaded.Hooks.X86.Hook`1::set_OriginalFunctionAddress(System.IntPtr)</Name>
              <FileRef uid="3" />
              <SequencePoints>
                <SequencePoint vc="0" uspid="107" ordinal="0" offset="0" sl="26" sc="54" el="26" ec="66" bec="0" bev="0" fileid="3" />
              </SequencePoints>
              <BranchPoints />
              <MethodPoint xsi:type="SequencePoint" vc="0" uspid="107" ordinal="0" offset="0" sl="26" sc="54" el="26" ec="66" bec="0" bev="0" fileid="3" />
            </Method>
            <Method visited="false" cyclomaticComplexity="1" nPathComplexity="0" sequenceCoverage="0" branchCoverage="0" isConstructor="false" isStatic="false" isGetter="true" isSetter="false">
              <Summary numSequencePoints="1" visitedSequencePoints="0" numBranchPoints="1" visitedBranchPoints="0" sequenceCoverage="0" branchCoverage="0" maxCyclomaticComplexity="1" minCyclomaticComplexity="1" visitedClasses="0" numClasses="0" visitedMethods="0" numMethods="1" />
              <MetadataToken>100663322</MetadataToken>
              <Name>Reloaded.Hooks.IReverseWrapper`1&lt;TFunction&gt; Reloaded.Hooks.X86.Hook`1::get_ReverseWrapper()</Name>
              <FileRef uid="3" />
              <SequencePoints>
                <SequencePoint vc="0" uspid="108" ordinal="0" offset="0" sl="32" sc="60" el="32" ec="64" bec="0" bev="0" fileid="3" />
              </SequencePoints>
              <BranchPoints />
              <MethodPoint xsi:type="SequencePoint" vc="0" uspid="108" ordinal="0" offset="0" sl="32" sc="60" el="32" ec="64" bec="0" bev="0" fileid="3" />
            </Method>
            <Method visited="false" cyclomaticComplexity="1" nPathComplexity="0" sequenceCoverage="0" branchCoverage="0" isConstructor="false" isStatic="false" isGetter="false" isSetter="true">
              <Summary numSequencePoints="1" visitedSequencePoints="0" numBranchPoints="1" visitedBranchPoints="0" sequenceCoverage="0" branchCoverage="0" maxCyclomaticComplexity="1" minCyclomaticComplexity="1" visitedClasses="0" numClasses="0" visitedMethods="0" numMethods="1" />
              <MetadataToken>100663323</MetadataToken>
              <Name>System.Void Reloaded.Hooks.X86.Hook`1::set_ReverseWrapper(Reloaded.Hooks.IReverseWrapper`1&lt;TFunction&gt;)</Name>
              <FileRef uid="3" />
              <SequencePoints>
                <SequencePoint vc="0" uspid="109" ordinal="0" offset="0" sl="32" sc="65" el="32" ec="77" bec="0" bev="0" fileid="3" />
              </SequencePoints>
              <BranchPoints />
              <MethodPoint xsi:type="SequencePoint" vc="0" uspid="109" ordinal="0" offset="0" sl="32" sc="65" el="32" ec="77" bec="0" bev="0" fileid="3" />
            </Method>
            <Method visited="false" cyclomaticComplexity="1" nPathComplexity="0" sequenceCoverage="0" branchCoverage="0" isConstructor="true" isStatic="false" isGetter="false" isSetter="false">
              <Summary numSequencePoints="5" visitedSequencePoints="0" numBranchPoints="1" visitedBranchPoints="0" sequenceCoverage="0" branchCoverage="0" maxCyclomaticComplexity="1" minCyclomaticComplexity="1" visitedClasses="0" numClasses="0" visitedMethods="0" numMethods="1" />
              <MetadataToken>100663324</MetadataToken>
              <Name>System.Void Reloaded.Hooks.X86.Hook`1::.ctor(TFunction,System.Int64,System.Int32)</Name>
              <FileRef uid="3" />
              <SequencePoints>
                <SequencePoint vc="0" uspid="110" ordinal="0" offset="0" sl="45" sc="9" el="45" ec="86" bec="0" bev="0" fileid="3" />
                <SequencePoint vc="0" uspid="111" ordinal="1" offset="7" sl="46" sc="9" el="46" ec="10" bec="0" bev="0" fileid="3" />
                <SequencePoint vc="0" uspid="112" ordinal="2" offset="8" sl="47" sc="13" el="47" ec="74" bec="0" bev="0" fileid="3" />
                <SequencePoint vc="0" uspid="113" ordinal="3" offset="15" sl="48" sc="13" el="48" ec="74" bec="0" bev="0" fileid="3" />
                <SequencePoint vc="0" uspid="114" ordinal="4" offset="25" sl="49" sc="9" el="49" ec="10" bec="0" bev="0" fileid="3" />
              </SequencePoints>
              <BranchPoints />
              <MethodPoint xsi:type="SequencePoint" vc="0" uspid="110" ordinal="0" offset="0" sl="45" sc="9" el="45" ec="86" bec="0" bev="0" fileid="3" />
            </Method>
            <Method visited="false" cyclomaticComplexity="4" nPathComplexity="8" sequenceCoverage="0" branchCoverage="0" isConstructor="false" isStatic="true" isGetter="false" isSetter="false">
              <Summary numSequencePoints="26" visitedSequencePoints="0" numBranchPoints="7" visitedBranchPoints="0" sequenceCoverage="0" branchCoverage="0" maxCyclomaticComplexity="4" minCyclomaticComplexity="4" visitedClasses="0" numClasses="0" visitedMethods="0" numMethods="1" />
              <MetadataToken>100663325</MetadataToken>
              <Name>System.Void Reloaded.Hooks.X86.Hook`1::Create(Reloaded.Hooks.X86.Hook`1&lt;TFunction&gt;,Reloaded.Hooks.X86.ReverseWrapper`1&lt;TFunction&gt;,System.Int64,System.Int32)</Name>
              <FileRef uid="3" />
              <SequencePoints>
                <SequencePoint vc="0" uspid="115" ordinal="0" offset="0" sl="52" sc="9" el="52" ec="10" bec="0" bev="0" fileid="3" />
                <SequencePoint vc="0" uspid="116" ordinal="1" offset="1" sl="66" sc="13" el="66" ec="117" bec="0" bev="0" fileid="3" />
                <SequencePoint vc="0" uspid="117" ordinal="2" offset="19" sl="70" sc="13" el="70" ec="37" bec="2" bev="0" fileid="3" />
                <SequencePoint vc="0" uspid="118" ordinal="3" offset="29" sl="71" sc="17" el="71" ec="126" bec="0" bev="0" fileid="3" />
                <SequencePoint vc="0" uspid="119" ordinal="4" offset="50" sl="75" sc="13" el="75" ec="51" bec="2" bev="0" fileid="3" />
                <SequencePoint vc="0" uspid="120" ordinal="5" offset="65" sl="76" sc="13" el="76" ec="14" bec="0" bev="0" fileid="3" />
                <SequencePoint vc="0" uspid="121" ordinal="6" offset="66" sl="77" sc="17" el="77" ec="66" bec="0" bev="0" fileid="3" />
                <SequencePoint vc="0" uspid="122" ordinal="7" offset="76" sl="79" sc="22" el="79" ec="31" bec="0" bev="0" fileid="3" />
                <SequencePoint vc="0" uspid="123" ordinal="8" offset="81" sl="80" sc="21" el="80" ec="43" bec="0" bev="0" fileid="3" />
                <SequencePoint vc="0" uspid="124" ordinal="9" offset="93" sl="79" sc="47" el="79" ec="50" bec="0" bev="0" fileid="3" />
                <SequencePoint vc="0" uspid="125" ordinal="10" offset="99" sl="79" sc="33" el="79" ec="45" bec="2" bev="0" fileid="3" />
                <SequencePoint vc="0" uspid="126" ordinal="11" offset="111" sl="81" sc="13" el="81" ec="14" bec="0" bev="0" fileid="3" />
                <SequencePoint vc="0" uspid="127" ordinal="12" offset="112" sl="84" sc="13" el="84" ec="109" bec="0" bev="0" fileid="3" />
                <SequencePoint vc="0" uspid="128" ordinal="13" offset="132" sl="86" sc="13" el="86" ec="80" bec="0" bev="0" fileid="3" />
                <SequencePoint vc="0" uspid="129" ordinal="14" offset="140" sl="87" sc="13" el="87" ec="109" bec="0" bev="0" fileid="3" />
                <SequencePoint vc="0" uspid="130" ordinal="15" offset="159" sl="89" sc="13" el="89" ec="79" bec="0" bev="0" fileid="3" />
                <SequencePoint vc="0" uspid="131" ordinal="16" offset="170" sl="90" sc="13" el="90" ec="103" bec="0" bev="0" fileid="3" />
                <SequencePoint vc="0" uspid="132" ordinal="17" offset="190" sl="93" sc="13" el="93" ec="74" bec="0" bev="0" fileid="3" />
                <SequencePoint vc="0" uspid="133" ordinal="18" offset="203" sl="94" sc="13" el="94" ec="86" bec="0" bev="0" fileid="3" />
                <SequencePoint vc="0" uspid="134" ordinal="19" offset="222" sl="95" sc="13" el="95" ec="70" bec="0" bev="0" fileid="3" />
                <SequencePoint vc="0" uspid="135" ordinal="20" offset="234" sl="98" sc="13" el="98" ec="67" bec="0" bev="0" fileid="3" />
                <SequencePoint vc="0" uspid="136" ordinal="21" offset="243" sl="99" sc="13" el="99" ec="94" bec="0" bev="0" fileid="3" />
                <SequencePoint vc="0" uspid="137" ordinal="22" offset="262" sl="100" sc="13" el="100" ec="53" bec="0" bev="0" fileid="3" />
                <SequencePoint vc="0" uspid="138" ordinal="23" offset="270" sl="101" sc="13" el="101" ec="60" bec="0" bev="0" fileid="3" />
                <SequencePoint vc="0" uspid="139" ordinal="24" offset="282" sl="102" sc="13" el="102" ec="97" bec="0" bev="0" fileid="3" />
                <SequencePoint vc="0" uspid="140" ordinal="25" offset="305" sl="103" sc="9" el="103" ec="10" bec="0" bev="0" fileid="3" />
              </SequencePoints>
              <BranchPoints>
                <BranchPoint vc="0" uspid="141" ordinal="0" offset="27" sl="70" path="0" offsetend="29" fileid="3" />
                <BranchPoint vc="0" uspid="142" ordinal="1" offset="27" sl="70" path="1" offsetend="50" fileid="3" />
                <BranchPoint vc="0" uspid="143" ordinal="2" offset="63" sl="75" path="0" offsetend="65" fileid="3" />
                <BranchPoint vc="0" uspid="144" ordinal="3" offset="63" sl="75" path="1" offsetend="112" fileid="3" />
                <BranchPoint vc="0" uspid="145" ordinal="4" offset="109" sl="79" path="0" offsetend="111" fileid="3" />
                <BranchPoint vc="0" uspid="146" ordinal="5" offset="109" sl="79" path="1" offsetend="81" fileid="3" />
              </BranchPoints>
              <MethodPoint xsi:type="SequencePoint" vc="0" uspid="115" ordinal="0" offset="0" sl="52" sc="9" el="52" ec="10" bec="0" bev="0" fileid="3" />
            </Method>
            <Method visited="false" cyclomaticComplexity="2" nPathComplexity="0" sequenceCoverage="0" branchCoverage="0" isConstructor="false" isStatic="false" isGetter="false" isSetter="false">
              <Summary numSequencePoints="9" visitedSequencePoints="0" numBranchPoints="1" visitedBranchPoints="0" sequenceCoverage="0" branchCoverage="0" maxCyclomaticComplexity="2" minCyclomaticComplexity="2" visitedClasses="0" numClasses="0" visitedMethods="0" numMethods="1" />
              <MetadataToken>100663326</MetadataToken>
              <Name>Reloaded.Hooks.IHook`1&lt;TFunction&gt; Reloaded.Hooks.X86.Hook`1::Activate()</Name>
              <FileRef uid="3" />
              <SequencePoints>
                <SequencePoint vc="0" uspid="147" ordinal="0" offset="0" sl="120" sc="9" el="120" ec="10" bec="0" bev="0" fileid="3" />
                <SequencePoint vc="0" uspid="148" ordinal="1" offset="1" sl="121" sc="13" el="121" ec="32" bec="0" bev="0" fileid="3" />
                <SequencePoint vc="0" uspid="149" ordinal="2" offset="13" sl="123" sc="13" el="123" ec="20" bec="0" bev="0" fileid="3" />
                <SequencePoint vc="0" uspid="150" ordinal="3" offset="14" sl="123" sc="39" el="123" ec="56" bec="0" bev="0" fileid="3" />
                <SequencePoint vc="0" uspid="151" ordinal="4" offset="28" sl="123" sc="22" el="123" ec="35" bec="0" bev="0" fileid="3" />
                <SequencePoint vc="0" uspid="152" ordinal="5" offset="36" sl="124" sc="17" el="124" ec="35" bec="0" bev="0" fileid="3" />
                <SequencePoint vc="0" uspid="153" ordinal="6" offset="44" sl="123" sc="36" el="123" ec="38" bec="0" bev="0" fileid="3" />
                <SequencePoint vc="0" uspid="154" ordinal="7" offset="70" sl="126" sc="13" el="126" ec="25" bec="0" bev="0" fileid="3" />
                <SequencePoint vc="0" uspid="155" ordinal="8" offset="74" sl="127" sc="9" el="127" ec="10" bec="0" bev="0" fileid="3" />
              </SequencePoints>
              <BranchPoints />
              <MethodPoint xsi:type="SequencePoint" vc="0" uspid="147" ordinal="0" offset="0" sl="120" sc="9" el="120" ec="10" bec="0" bev="0" fileid="3" />
            </Method>
            <Method visited="false" cyclomaticComplexity="1" nPathComplexity="0" sequenceCoverage="0" branchCoverage="0" isConstructor="true" isStatic="false" isGetter="false" isSetter="false">
              <Summary numSequencePoints="3" visitedSequencePoints="0" numBranchPoints="1" visitedBranchPoints="0" sequenceCoverage="0" branchCoverage="0" maxCyclomaticComplexity="1" minCyclomaticComplexity="1" visitedClasses="0" numClasses="0" visitedMethods="0" numMethods="1" />
              <MetadataToken>100663327</MetadataToken>
              <Name>System.Void Reloaded.Hooks.X86.Hook`1::.ctor()</Name>
              <FileRef uid="3" />
              <SequencePoints>
                <SequencePoint vc="0" uspid="158" ordinal="0" offset="0" sl="132" sc="9" el="132" ec="23" bec="0" bev="0" fileid="3" />
                <SequencePoint vc="0" uspid="159" ordinal="1" offset="7" sl="132" sc="24" el="132" ec="25" bec="0" bev="0" fileid="3" />
                <SequencePoint vc="0" uspid="160" ordinal="2" offset="8" sl="132" sc="26" el="132" ec="27" bec="0" bev="0" fileid="3" />
              </SequencePoints>
              <BranchPoints />
              <MethodPoint xsi:type="SequencePoint" vc="0" uspid="158" ordinal="0" offset="0" sl="132" sc="9" el="132" ec="23" bec="0" bev="0" fileid="3" />
            </Method>
          </Methods>
        </Class>
        <Class>
          <Summary numSequencePoints="65" visitedSequencePoints="0" numBranchPoints="21" visitedBranchPoints="0" sequenceCoverage="0" branchCoverage="0" maxCyclomaticComplexity="5" minCyclomaticComplexity="1" visitedClasses="0" numClasses="1" visitedMethods="0" numMethods="9" />
          <FullName>Reloaded.Hooks.X86.ReverseWrapper`1</FullName>
          <Methods>
            <Method visited="false" cyclomaticComplexity="1" nPathComplexity="0" sequenceCoverage="0" branchCoverage="0" isConstructor="false" isStatic="false" isGetter="true" isSetter="false">
              <Summary numSequencePoints="1" visitedSequencePoints="0" numBranchPoints="1" visitedBranchPoints="0" sequenceCoverage="0" branchCoverage="0" maxCyclomaticComplexity="1" minCyclomaticComplexity="1" visitedClasses="0" numClasses="0" visitedMethods="0" numMethods="1" />
              <MetadataToken>100663328</MetadataToken>
              <Name>TFunction Reloaded.Hooks.X86.ReverseWrapper`1::get_CSharpFunction()</Name>
              <FileRef uid="4" />
              <SequencePoints>
                <SequencePoint vc="0" uspid="161" ordinal="0" offset="0" sl="17" sc="43" el="17" ec="47" bec="0" bev="0" fileid="4" />
              </SequencePoints>
              <BranchPoints />
              <MethodPoint xsi:type="SequencePoint" vc="0" uspid="161" ordinal="0" offset="0" sl="17" sc="43" el="17" ec="47" bec="0" bev="0" fileid="4" />
            </Method>
            <Method visited="false" cyclomaticComplexity="1" nPathComplexity="0" sequenceCoverage="0" branchCoverage="0" isConstructor="false" isStatic="false" isGetter="true" isSetter="false">
              <Summary numSequencePoints="1" visitedSequencePoints="0" numBranchPoints="1" visitedBranchPoints="0" sequenceCoverage="0" branchCoverage="0" maxCyclomaticComplexity="1" minCyclomaticComplexity="1" visitedClasses="0" numClasses="0" visitedMethods="0" numMethods="1" />
              <MetadataToken>100663329</MetadataToken>
              <Name>System.IntPtr Reloaded.Hooks.X86.ReverseWrapper`1::get_NativeFunctionPtr()</Name>
              <FileRef uid="4" />
              <SequencePoints>
                <SequencePoint vc="0" uspid="162" ordinal="0" offset="0" sl="20" sc="43" el="20" ec="47" bec="0" bev="0" fileid="4" />
              </SequencePoints>
              <BranchPoints />
              <MethodPoint xsi:type="SequencePoint" vc="0" uspid="162" ordinal="0" offset="0" sl="20" sc="43" el="20" ec="47" bec="0" bev="0" fileid="4" />
            </Method>
            <Method visited="false" cyclomaticComplexity="1" nPathComplexity="0" sequenceCoverage="0" branchCoverage="0" isConstructor="false" isStatic="false" isGetter="true" isSetter="false">
              <Summary numSequencePoints="1" visitedSequencePoints="0" numBranchPoints="1" visitedBranchPoints="0" sequenceCoverage="0" branchCoverage="0" maxCyclomaticComplexity="1" minCyclomaticComplexity="1" visitedClasses="0" numClasses="0" visitedMethods="0" numMethods="1" />
              <MetadataToken>100663330</MetadataToken>
              <Name>System.IntPtr Reloaded.Hooks.X86.ReverseWrapper`1::get_WrapperPointer()</Name>
              <FileRef uid="4" />
              <SequencePoints>
                <SequencePoint vc="0" uspid="163" ordinal="0" offset="0" sl="23" sc="40" el="23" ec="44" bec="0" bev="0" fileid="4" />
              </SequencePoints>
              <BranchPoints />
              <MethodPoint xsi:type="SequencePoint" vc="0" uspid="163" ordinal="0" offset="0" sl="23" sc="40" el="23" ec="44" bec="0" bev="0" fileid="4" />
            </Method>
            <Method visited="false" cyclomaticComplexity="1" nPathComplexity="0" sequenceCoverage="0" branchCoverage="0" isConstructor="false" isStatic="false" isGetter="false" isSetter="true">
              <Summary numSequencePoints="1" visitedSequencePoints="0" numBranchPoints="1" visitedBranchPoints="0" sequenceCoverage="0" branchCoverage="0" maxCyclomaticComplexity="1" minCyclomaticComplexity="1" visitedClasses="0" numClasses="0" visitedMethods="0" numMethods="1" />
              <MetadataToken>100663331</MetadataToken>
              <Name>System.Void Reloaded.Hooks.X86.ReverseWrapper`1::set_WrapperPointer(System.IntPtr)</Name>
              <FileRef uid="4" />
              <SequencePoints>
                <SequencePoint vc="0" uspid="164" ordinal="0" offset="0" sl="23" sc="45" el="23" ec="57" bec="0" bev="0" fileid="4" />
              </SequencePoints>
              <BranchPoints />
              <MethodPoint xsi:type="SequencePoint" vc="0" uspid="164" ordinal="0" offset="0" sl="23" sc="45" el="23" ec="57" bec="0" bev="0" fileid="4" />
            </Method>
            <Method visited="false" cyclomaticComplexity="1" nPathComplexity="0" sequenceCoverage="0" branchCoverage="0" isConstructor="true" isStatic="false" isGetter="false" isSetter="false">
              <Summary numSequencePoints="7" visitedSequencePoints="0" numBranchPoints="1" visitedBranchPoints="0" sequenceCoverage="0" branchCoverage="0" maxCyclomaticComplexity="1" minCyclomaticComplexity="1" visitedClasses="0" numClasses="0" visitedMethods="0" numMethods="1" />
              <MetadataToken>100663332</MetadataToken>
              <Name>System.Void Reloaded.Hooks.X86.ReverseWrapper`1::.ctor(TFunction)</Name>
              <FileRef uid="4" />
              <SequencePoints>
                <SequencePoint vc="0" uspid="165" ordinal="0" offset="0" sl="35" sc="9" el="35" ec="50" bec="0" bev="0" fileid="4" />
                <SequencePoint vc="0" uspid="166" ordinal="1" offset="7" sl="36" sc="9" el="36" ec="10" bec="0" bev="0" fileid="4" />
                <SequencePoint vc="0" uspid="167" ordinal="2" offset="8" sl="37" sc="13" el="37" ec="39" bec="0" bev="0" fileid="4" />
                <SequencePoint vc="0" uspid="168" ordinal="3" offset="15" sl="38" sc="13" el="38" ec="81" bec="0" bev="0" fileid="4" />
                <SequencePoint vc="0" uspid="169" ordinal="4" offset="27" sl="39" sc="13" el="39" ec="48" bec="0" bev="0" fileid="4" />
                <SequencePoint vc="0" uspid="170" ordinal="5" offset="40" sl="42" sc="13" el="42" ec="45" bec="0" bev="0" fileid="4" />
                <SequencePoint vc="0" uspid="171" ordinal="6" offset="53" sl="43" sc="9" el="43" ec="10" bec="0" bev="0" fileid="4" />
              </SequencePoints>
              <BranchPoints />
              <MethodPoint xsi:type="SequencePoint" vc="0" uspid="165" ordinal="0" offset="0" sl="35" sc="9" el="35" ec="50" bec="0" bev="0" fileid="4" />
            </Method>
            <Method visited="false" cyclomaticComplexity="1" nPathComplexity="0" sequenceCoverage="0" branchCoverage="0" isConstructor="true" isStatic="false" isGetter="false" isSetter="false">
              <Summary numSequencePoints="6" visitedSequencePoints="0" numBranchPoints="1" visitedBranchPoints="0" sequenceCoverage="0" branchCoverage="0" maxCyclomaticComplexity="1" minCyclomaticComplexity="1" visitedClasses="0" numClasses="0" visitedMethods="0" numMethods="1" />
              <MetadataToken>100663333</MetadataToken>
              <Name>System.Void Reloaded.Hooks.X86.ReverseWrapper`1::.ctor(System.IntPtr)</Name>
              <FileRef uid="4" />
              <SequencePoints>
                <SequencePoint vc="0" uspid="172" ordinal="0" offset="0" sl="50" sc="9" el="50" ec="47" bec="0" bev="0" fileid="4" />
                <SequencePoint vc="0" uspid="173" ordinal="1" offset="7" sl="51" sc="9" el="51" ec="10" bec="0" bev="0" fileid="4" />
                <SequencePoint vc="0" uspid="174" ordinal="2" offset="8" sl="52" sc="13" el="52" ec="42" bec="0" bev="0" fileid="4" />
                <SequencePoint vc="0" uspid="175" ordinal="3" offset="15" sl="53" sc="13" el="53" ec="48" bec="0" bev="0" fileid="4" />
                <SequencePoint vc="0" uspid="176" ordinal="4" offset="28" sl="56" sc="13" el="56" ec="45" bec="0" bev="0" fileid="4" />
                <SequencePoint vc="0" uspid="177" ordinal="5" offset="41" sl="57" sc="9" el="57" ec="10" bec="0" bev="0" fileid="4" />
              </SequencePoints>
              <BranchPoints />
              <MethodPoint xsi:type="SequencePoint" vc="0" uspid="172" ordinal="0" offset="0" sl="50" sc="9" el="50" ec="47" bec="0" bev="0" fileid="4" />
            </Method>
            <Method visited="false" cyclomaticComplexity="2" nPathComplexity="2" sequenceCoverage="0" branchCoverage="0" isConstructor="false" isStatic="true" isGetter="false" isSetter="false">
              <Summary numSequencePoints="5" visitedSequencePoints="0" numBranchPoints="3" visitedBranchPoints="0" sequenceCoverage="0" branchCoverage="0" maxCyclomaticComplexity="2" minCyclomaticComplexity="2" visitedClasses="0" numClasses="0" visitedMethods="0" numMethods="1" />
              <MetadataToken>100663334</MetadataToken>
              <Name>System.Void Reloaded.Hooks.X86.ReverseWrapper`1::Create(Reloaded.Hooks.X86.ReverseWrapper`1&lt;TFunction&gt;,System.IntPtr)</Name>
              <FileRef uid="4" />
              <SequencePoints>
                <SequencePoint vc="0" uspid="178" ordinal="0" offset="0" sl="60" sc="9" el="60" ec="10" bec="0" bev="0" fileid="4" />
                <SequencePoint vc="0" uspid="179" ordinal="1" offset="1" sl="61" sc="13" el="61" ec="89" bec="0" bev="0" fileid="4" />
                <SequencePoint vc="0" uspid="180" ordinal="2" offset="7" sl="64" sc="13" el="64" ec="101" bec="2" bev="0" fileid="4" />
                <SequencePoint vc="0" uspid="181" ordinal="3" offset="26" sl="65" sc="17" el="65" ec="104" bec="0" bev="0" fileid="4" />
                <SequencePoint vc="0" uspid="182" ordinal="4" offset="40" sl="66" sc="9" el="66" ec="10" bec="0" bev="0" fileid="4" />
              </SequencePoints>
              <BranchPoints>
                <BranchPoint vc="0" uspid="183" ordinal="0" offset="24" sl="64" path="0" offsetend="26" fileid="4" />
                <BranchPoint vc="0" uspid="184" ordinal="1" offset="24" sl="64" path="1" offsetend="40" fileid="4" />
              </BranchPoints>
              <MethodPoint xsi:type="SequencePoint" vc="0" uspid="178" ordinal="0" offset="0" sl="60" sc="9" el="60" ec="10" bec="0" bev="0" fileid="4" />
            </Method>
            <Method visited="false" cyclomaticComplexity="5" nPathComplexity="16" sequenceCoverage="0" branchCoverage="0" isConstructor="false" isStatic="true" isGetter="false" isSetter="false">
              <Summary numSequencePoints="24" visitedSequencePoints="0" numBranchPoints="9" visitedBranchPoints="0" sequenceCoverage="0" branchCoverage="0" maxCyclomaticComplexity="5" minCyclomaticComplexity="5" visitedClasses="0" numClasses="0" visitedMethods="0" numMethods="1" />
              <MetadataToken>100663335</MetadataToken>
              <Name>System.IntPtr Reloaded.Hooks.X86.ReverseWrapper`1::Create(System.IntPtr,Reloaded.Hooks.X86.FunctionAttribute)</Name>
              <FileRef uid="4" />
              <SequencePoints>
                <SequencePoint vc="0" uspid="185" ordinal="0" offset="0" sl="69" sc="9" el="69" ec="10" bec="0" bev="0" fileid="4" />
                <SequencePoint vc="0" uspid="186" ordinal="1" offset="1" sl="71" sc="13" el="71" ec="86" bec="2" bev="0" fileid="4" />
                <SequencePoint vc="0" uspid="187" ordinal="2" offset="19" sl="72" sc="17" el="72" ec="40" bec="0" bev="0" fileid="4" />
                <SequencePoint vc="0" uspid="188" ordinal="3" offset="27" sl="75" sc="13" el="75" ec="92" bec="0" bev="0" fileid="4" />
                <SequencePoint vc="0" uspid="189" ordinal="4" offset="43" sl="76" sc="13" el="76" ec="98" bec="0" bev="0" fileid="4" />
                <SequencePoint vc="0" uspid="190" ordinal="5" offset="54" sl="77" sc="13" el="77" ec="70" bec="0" bev="0" fileid="4" />
                <SequencePoint vc="0" uspid="191" ordinal="6" offset="72" sl="80" sc="13" el="80" ec="42" bec="0" bev="0" fileid="4" />
                <SequencePoint vc="0" uspid="192" ordinal="7" offset="84" sl="81" sc="13" el="81" ec="46" bec="0" bev="0" fileid="4" />
                <SequencePoint vc="0" uspid="193" ordinal="8" offset="96" sl="84" sc="13" el="84" ec="113" bec="0" bev="0" fileid="4" />
                <SequencePoint vc="0" uspid="194" ordinal="9" offset="115" sl="87" sc="13" el="87" ec="82" bec="0" bev="0" fileid="4" />
                <SequencePoint vc="0" uspid="195" ordinal="10" offset="134" sl="88" sc="13" el="88" ec="79" bec="0" bev="0" fileid="4" />
                <SequencePoint vc="0" uspid="196" ordinal="11" offset="146" sl="89" sc="13" el="89" ec="88" bec="0" bev="0" fileid="4" />
                <SequencePoint vc="0" uspid="197" ordinal="12" offset="180" sl="92" sc="13" el="92" ec="79" bec="2" bev="0" fileid="4" />
                <SequencePoint vc="0" uspid="198" ordinal="13" offset="195" sl="93" sc="17" el="93" ec="77" bec="0" bev="0" fileid="4" />
                <SequencePoint vc="0" uspid="199" ordinal="14" offset="223" sl="96" sc="13" el="96" ec="40" bec="2" bev="0" fileid="4" />
                <SequencePoint vc="0" uspid="200" ordinal="15" offset="233" sl="97" sc="17" el="97" ec="72" bec="0" bev="0" fileid="4" />
                <SequencePoint vc="0" uspid="201" ordinal="16" offset="258" sl="100" sc="13" el="100" ec="41" bec="0" bev="0" fileid="4" />
                <SequencePoint vc="0" uspid="202" ordinal="17" offset="270" sl="102" sc="13" el="102" ec="79" bec="2" bev="0" fileid="4" />
                <SequencePoint vc="0" uspid="203" ordinal="18" offset="285" sl="103" sc="17" el="103" ec="70" bec="0" bev="0" fileid="4" />
                <SequencePoint vc="0" uspid="204" ordinal="19" offset="312" sl="105" sc="17" el="105" ec="41" bec="0" bev="0" fileid="4" />
                <SequencePoint vc="0" uspid="205" ordinal="20" offset="324" sl="107" sc="13" el="107" ec="94" bec="0" bev="0" fileid="4" />
                <SequencePoint vc="0" uspid="206" ordinal="21" offset="344" sl="108" sc="13" el="108" ec="96" bec="0" bev="0" fileid="4" />
                <SequencePoint vc="0" uspid="207" ordinal="22" offset="363" sl="109" sc="13" el="109" ec="58" bec="0" bev="0" fileid="4" />
                <SequencePoint vc="0" uspid="208" ordinal="23" offset="377" sl="110" sc="9" el="110" ec="10" bec="0" bev="0" fileid="4" />
              </SequencePoints>
              <BranchPoints>
                <BranchPoint vc="0" uspid="209" ordinal="0" offset="17" sl="71" path="0" offsetend="19" fileid="4" />
                <BranchPoint vc="0" uspid="210" ordinal="1" offset="17" sl="71" path="1" offsetend="27" fileid="4" />
                <BranchPoint vc="0" uspid="211" ordinal="2" offset="193" sl="92" path="0" offsetend="195" fileid="4" />
                <BranchPoint vc="0" uspid="212" ordinal="3" offset="193" sl="92" path="1" offsetend="223" fileid="4" />
                <BranchPoint vc="0" uspid="213" ordinal="4" offset="231" sl="96" path="0" offsetend="233" fileid="4" />
                <BranchPoint vc="0" uspid="214" ordinal="5" offset="231" sl="96" path="1" offsetend="258" fileid="4" />
                <BranchPoint vc="0" uspid="215" ordinal="6" offset="283" sl="102" path="0" offsetend="285" fileid="4" />
                <BranchPoint vc="0" uspid="216" ordinal="7" offset="283" sl="102" path="1" offsetend="312" fileid="4" />
              </BranchPoints>
              <MethodPoint xsi:type="SequencePoint" vc="0" uspid="185" ordinal="0" offset="0" sl="69" sc="9" el="69" ec="10" bec="0" bev="0" fileid="4" />
            </Method>
            <Method visited="false" cyclomaticComplexity="3" nPathComplexity="2" sequenceCoverage="0" branchCoverage="0" isConstructor="false" isStatic="true" isGetter="false" isSetter="false">
              <Summary numSequencePoints="19" visitedSequencePoints="0" numBranchPoints="3" visitedBranchPoints="0" sequenceCoverage="0" branchCoverage="0" maxCyclomaticComplexity="3" minCyclomaticComplexity="3" visitedClasses="0" numClasses="0" visitedMethods="0" numMethods="1" />
              <MetadataToken>100663336</MetadataToken>
              <Name>System.String[] Reloaded.Hooks.X86.ReverseWrapper`1::AssembleFunctionParameters(System.Int32,Reloaded.Hooks.X86.FunctionAttribute/Register[])</Name>
              <FileRef uid="4" />
              <SequencePoints>
                <SequencePoint vc="0" uspid="217" ordinal="0" offset="0" sl="120" sc="9" el="120" ec="10" bec="0" bev="0" fileid="4" />
                <SequencePoint vc="0" uspid="218" ordinal="1" offset="1" sl="121" sc="13" el="121" ec="60" bec="0" bev="0" fileid="4" />
                <SequencePoint vc="0" uspid="219" ordinal="2" offset="7" sl="129" sc="13" el="129" ec="75" bec="0" bev="0" fileid="4" />
                <SequencePoint vc="0" uspid="220" ordinal="3" offset="13" sl="130" sc="13" el="130" ec="76" bec="0" bev="0" fileid="4" />
                <SequencePoint vc="0" uspid="221" ordinal="4" offset="19" sl="134" sc="18" el="134" ec="27" bec="0" bev="0" fileid="4" />
                <SequencePoint vc="0" uspid="222" ordinal="5" offset="24" sl="135" sc="13" el="135" ec="14" bec="0" bev="0" fileid="4" />
                <SequencePoint vc="0" uspid="223" ordinal="6" offset="25" sl="137" sc="17" el="137" ec="82" bec="0" bev="0" fileid="4" />
                <SequencePoint vc="0" uspid="224" ordinal="7" offset="48" sl="138" sc="17" el="138" ec="45" bec="0" bev="0" fileid="4" />
                <SequencePoint vc="0" uspid="225" ordinal="8" offset="52" sl="139" sc="13" el="139" ec="14" bec="0" bev="0" fileid="4" />
                <SequencePoint vc="0" uspid="226" ordinal="9" offset="53" sl="134" sc="56" el="134" ec="59" bec="0" bev="0" fileid="4" />
                <SequencePoint vc="0" uspid="227" ordinal="10" offset="59" sl="134" sc="29" el="134" ec="54" bec="2" bev="0" fileid="4" />
                <SequencePoint vc="0" uspid="228" ordinal="11" offset="70" sl="143" sc="13" el="143" ec="87" bec="0" bev="0" fileid="4" />
                <SequencePoint vc="0" uspid="229" ordinal="12" offset="82" sl="144" sc="13" el="144" ec="20" bec="0" bev="0" fileid="4" />
                <SequencePoint vc="0" uspid="230" ordinal="13" offset="83" sl="144" sc="70" el="144" ec="82" bec="0" bev="0" fileid="4" />
                <SequencePoint vc="0" uspid="231" ordinal="14" offset="91" sl="144" sc="22" el="144" ec="66" bec="0" bev="0" fileid="4" />
                <SequencePoint vc="0" uspid="232" ordinal="15" offset="98" sl="145" sc="17" el="145" ec="74" bec="0" bev="0" fileid="4" />
[...]
                <SequencePoint vc="8032" uspid="1935" ordinal="1" offset="1" sl="301" sc="13" el="303" ec="71" bec="0" bev="0" fileid="35" />
                <SequencePoint vc="8032" uspid="1936" ordinal="2" offset="49" sl="304" sc="9" el="304" ec="10" bec="0" bev="0" fileid="35" />
              </SequencePoints>
              <BranchPoints />
              <MethodPoint xsi:type="SequencePoint" vc="8032" uspid="1934" ordinal="0" offset="0" sl="300" sc="9" el="300" ec="10" bec="0" bev="0" fileid="35" />
            </Method>
            <Method visited="true" cyclomaticComplexity="4" nPathComplexity="0" sequenceCoverage="100" branchCoverage="100" isConstructor="false" isStatic="false" isGetter="false" isSetter="false">
              <Summary numSequencePoints="3" visitedSequencePoints="3" numBranchPoints="1" visitedBranchPoints="1" sequenceCoverage="100" branchCoverage="100" maxCyclomaticComplexity="4" minCyclomaticComplexity="4" visitedClasses="0" numClasses="0" visitedMethods="1" numMethods="1" />
              <MetadataToken>100663415</MetadataToken>
              <Name>System.Boolean Reloaded.Hooks.Internal.FunctionPatcher::IsPushReturn(SharpDisasm.Instruction,SharpDisasm.Instruction)</Name>
              <FileRef uid="35" />
              <SequencePoints>
                <SequencePoint vc="8014" uspid="1941" ordinal="0" offset="0" sl="308" sc="9" el="308" ec="10" bec="0" bev="0" fileid="35" />
                <SequencePoint vc="8014" uspid="1942" ordinal="1" offset="1" sl="309" sc="13" el="312" ec="73" bec="0" bev="0" fileid="35" />
                <SequencePoint vc="8014" uspid="1943" ordinal="2" offset="61" sl="313" sc="9" el="313" ec="10" bec="0" bev="0" fileid="35" />
              </SequencePoints>
              <BranchPoints />
              <MethodPoint xsi:type="SequencePoint" vc="8014" uspid="1941" ordinal="0" offset="0" sl="308" sc="9" el="308" ec="10" bec="0" bev="0" fileid="35" />
            </Method>
            <Method visited="true" cyclomaticComplexity="1" nPathComplexity="0" sequenceCoverage="100" branchCoverage="100" isConstructor="false" isStatic="false" isGetter="false" isSetter="false">
              <Summary numSequencePoints="3" visitedSequencePoints="3" numBranchPoints="1" visitedBranchPoints="1" sequenceCoverage="100" branchCoverage="100" maxCyclomaticComplexity="1" minCyclomaticComplexity="1" visitedClasses="0" numClasses="0" visitedMethods="1" numMethods="1" />
              <MetadataToken>100663416</MetadataToken>
              <Name>System.Boolean Reloaded.Hooks.Internal.FunctionPatcher::Is64Bit()</Name>
              <FileRef uid="35" />
              <SequencePoints>
                <SequencePoint vc="7" uspid="1950" ordinal="0" offset="0" sl="317" sc="9" el="317" ec="10" bec="0" bev="0" fileid="35" />
                <SequencePoint vc="7" uspid="1951" ordinal="1" offset="1" sl="318" sc="13" el="318" ec="61" bec="0" bev="0" fileid="35" />
                <SequencePoint vc="7" uspid="1952" ordinal="2" offset="14" sl="319" sc="9" el="319" ec="10" bec="0" bev="0" fileid="35" />
              </SequencePoints>
              <BranchPoints />
              <MethodPoint xsi:type="SequencePoint" vc="7" uspid="1950" ordinal="0" offset="0" sl="317" sc="9" el="317" ec="10" bec="0" bev="0" fileid="35" />
            </Method>
            <Method visited="true" cyclomaticComplexity="4" nPathComplexity="0" sequenceCoverage="100" branchCoverage="100" isConstructor="false" isStatic="false" isGetter="false" isSetter="false">
              <Summary numSequencePoints="3" visitedSequencePoints="3" numBranchPoints="1" visitedBranchPoints="1" sequenceCoverage="100" branchCoverage="100" maxCyclomaticComplexity="4" minCyclomaticComplexity="4" visitedClasses="0" numClasses="0" visitedMethods="1" numMethods="1" />
              <MetadataToken>100663417</MetadataToken>
              <Name>System.Boolean Reloaded.Hooks.Internal.FunctionPatcher::IsRIPRelativeJump(SharpDisasm.Instruction)</Name>
              <FileRef uid="35" />
              <SequencePoints>
                <SequencePoint vc="8031" uspid="1953" ordinal="0" offset="0" sl="323" sc="9" el="323" ec="10" bec="0" bev="0" fileid="35" />
                <SequencePoint vc="8031" uspid="1954" ordinal="1" offset="1" sl="324" sc="13" el="327" ec="69" bec="0" bev="0" fileid="35" />
                <SequencePoint vc="8031" uspid="1955" ordinal="2" offset="61" sl="328" sc="9" el="328" ec="10" bec="0" bev="0" fileid="35" />
              </SequencePoints>
              <BranchPoints />
              <MethodPoint xsi:type="SequencePoint" vc="8031" uspid="1953" ordinal="0" offset="0" sl="323" sc="9" el="323" ec="10" bec="0" bev="0" fileid="35" />
            </Method>
            <Method visited="true" cyclomaticComplexity="6" nPathComplexity="16" sequenceCoverage="62.5" branchCoverage="33.33" isConstructor="false" isStatic="false" isGetter="false" isSetter="false">
              <Summary numSequencePoints="8" visitedSequencePoints="5" numBranchPoints="9" visitedBranchPoints="3" sequenceCoverage="62.5" branchCoverage="33.33" maxCyclomaticComplexity="6" minCyclomaticComplexity="6" visitedClasses="0" numClasses="0" visitedMethods="1" numMethods="1" />
              <MetadataToken>100663418</MetadataToken>
              <Name>System.Int64 Reloaded.Hooks.Internal.FunctionPatcher::GetOperandOffset(SharpDisasm.Operand)</Name>
              <FileRef uid="35" />
              <SequencePoints>
                <SequencePoint vc="45" uspid="1962" ordinal="0" offset="0" sl="336" sc="9" el="336" ec="10" bec="0" bev="0" fileid="35" />
                <SequencePoint vc="45" uspid="1963" ordinal="1" offset="1" sl="337" sc="13" el="337" ec="34" bec="7" bev="2" fileid="35" />
                <SequencePoint vc="20" uspid="1964" ordinal="2" offset="40" sl="340" sc="21" el="340" ec="46" bec="0" bev="0" fileid="35" />
                <SequencePoint vc="0" uspid="1965" ordinal="3" offset="50" sl="342" sc="21" el="342" ec="46" bec="0" bev="0" fileid="35" />
                <SequencePoint vc="25" uspid="1966" ordinal="4" offset="60" sl="344" sc="21" el="344" ec="47" bec="0" bev="0" fileid="35" />
                <SequencePoint vc="0" uspid="1967" ordinal="5" offset="70" sl="346" sc="21" el="346" ec="47" bec="0" bev="0" fileid="35" />
                <SequencePoint vc="0" uspid="1968" ordinal="6" offset="79" sl="348" sc="21" el="348" ec="65" bec="0" bev="0" fileid="35" />
                <SequencePoint vc="45" uspid="1969" ordinal="7" offset="90" sl="350" sc="9" el="350" ec="10" bec="0" bev="0" fileid="35" />
              </SequencePoints>
              <BranchPoints>
                <BranchPoint vc="0" uspid="1972" ordinal="2" offset="15" sl="337" path="0" offsetchain="17" offsetend="19" fileid="35" />
                <BranchPoint vc="20" uspid="1973" ordinal="3" offset="15" sl="337" path="1" offsetend="40" fileid="35" />
                <BranchPoint vc="0" uspid="1974" ordinal="4" offset="22" sl="337" path="0" offsetchain="24" offsetend="79" fileid="35" />
                <BranchPoint vc="0" uspid="1975" ordinal="5" offset="22" sl="337" path="1" offsetend="50" fileid="35" />
                <BranchPoint vc="0" uspid="1976" ordinal="6" offset="29" sl="337" path="0" offsetchain="31" offsetend="33" fileid="35" />
                <BranchPoint vc="25" uspid="1977" ordinal="7" offset="29" sl="337" path="1" offsetend="60" fileid="35" />
                <BranchPoint vc="0" uspid="1978" ordinal="8" offset="36" sl="337" path="0" offsetchain="38" offsetend="79" fileid="35" />
                <BranchPoint vc="0" uspid="1979" ordinal="9" offset="36" sl="337" path="1" offsetend="70" fileid="35" />
              </BranchPoints>
              <MethodPoint xsi:type="SequencePoint" vc="45" uspid="1962" ordinal="0" offset="0" sl="336" sc="9" el="336" ec="10" bec="0" bev="0" fileid="35" />
            </Method>
          </Methods>
        </Class>
        <Class>
          <Summary numSequencePoints="4" visitedSequencePoints="4" numBranchPoints="1" visitedBranchPoints="1" sequenceCoverage="100" branchCoverage="100" maxCyclomaticComplexity="1" minCyclomaticComplexity="1" visitedClasses="1" numClasses="1" visitedMethods="1" numMethods="1" />
          <FullName>Reloaded.Hooks.Internal.FunctionPatcher/JumpDetails</FullName>
          <Methods>
            <Method visited="true" cyclomaticComplexity="1" nPathComplexity="0" sequenceCoverage="100" branchCoverage="100" isConstructor="true" isStatic="false" isGetter="false" isSetter="false">
              <Summary numSequencePoints="4" visitedSequencePoints="4" numBranchPoints="1" visitedBranchPoints="1" sequenceCoverage="100" branchCoverage="100" maxCyclomaticComplexity="1" minCyclomaticComplexity="1" visitedClasses="0" numClasses="0" visitedMethods="1" numMethods="1" />
              <MetadataToken>100663426</MetadataToken>
              <Name>System.Void Reloaded.Hooks.Internal.FunctionPatcher/JumpDetails::.ctor(System.Int64,System.Int64)</Name>
              <FileRef uid="35" />
              <SequencePoints>
                <SequencePoint vc="2" uspid="1980" ordinal="0" offset="0" sl="365" sc="13" el="365" ec="14" bec="0" bev="0" fileid="35" />
                <SequencePoint vc="2" uspid="1981" ordinal="1" offset="1" sl="366" sc="17" el="366" ec="47" bec="0" bev="0" fileid="35" />
                <SequencePoint vc="2" uspid="1982" ordinal="2" offset="8" sl="367" sc="17" el="367" ec="53" bec="0" bev="0" fileid="35" />
                <SequencePoint vc="2" uspid="1983" ordinal="3" offset="15" sl="368" sc="13" el="368" ec="14" bec="0" bev="0" fileid="35" />
              </SequencePoints>
              <BranchPoints />
              <MethodPoint xsi:type="SequencePoint" vc="2" uspid="1980" ordinal="0" offset="0" sl="365" sc="13" el="365" ec="14" bec="0" bev="0" fileid="35" />
            </Method>
          </Methods>
        </Class>
        <Class>
          <Summary numSequencePoints="7" visitedSequencePoints="7" numBranchPoints="2" visitedBranchPoints="2" sequenceCoverage="100" branchCoverage="100" maxCyclomaticComplexity="1" minCyclomaticComplexity="1" visitedClasses="1" numClasses="1" visitedMethods="2" numMethods="2" />
          <FullName>Reloaded.Hooks.Internal.Patch</FullName>
          <Methods>
            <Method visited="true" cyclomaticComplexity="1" nPathComplexity="0" sequenceCoverage="100" branchCoverage="100" isConstructor="true" isStatic="false" isGetter="false" isSetter="false">
              <Summary numSequencePoints="4" visitedSequencePoints="4" numBranchPoints="1" visitedBranchPoints="1" sequenceCoverage="100" branchCoverage="100" maxCyclomaticComplexity="1" minCyclomaticComplexity="1" visitedClasses="0" numClasses="0" visitedMethods="1" numMethods="1" />
              <MetadataToken>100663419</MetadataToken>
              <Name>System.Void Reloaded.Hooks.Internal.Patch::.ctor(System.IntPtr,System.Byte[])</Name>
              <FileRef uid="37" />
              <SequencePoints>
                <SequencePoint vc="18" uspid="1984" ordinal="0" offset="0" sl="16" sc="9" el="16" ec="10" bec="0" bev="0" fileid="37" />
                <SequencePoint vc="18" uspid="1985" ordinal="1" offset="1" sl="17" sc="13" el="17" ec="32" bec="0" bev="0" fileid="37" />
                <SequencePoint vc="18" uspid="1986" ordinal="2" offset="8" sl="18" sc="13" el="18" ec="28" bec="0" bev="0" fileid="37" />
                <SequencePoint vc="18" uspid="1987" ordinal="3" offset="15" sl="19" sc="9" el="19" ec="10" bec="0" bev="0" fileid="37" />
              </SequencePoints>
              <BranchPoints />
              <MethodPoint xsi:type="SequencePoint" vc="18" uspid="1984" ordinal="0" offset="0" sl="16" sc="9" el="16" ec="10" bec="0" bev="0" fileid="37" />
            </Method>
            <Method visited="true" cyclomaticComplexity="1" nPathComplexity="0" sequenceCoverage="100" branchCoverage="100" isConstructor="false" isStatic="false" isGetter="false" isSetter="false">
              <Summary numSequencePoints="3" visitedSequencePoints="3" numBranchPoints="1" visitedBranchPoints="1" sequenceCoverage="100" branchCoverage="100" maxCyclomaticComplexity="1" minCyclomaticComplexity="1" visitedClasses="0" numClasses="0" visitedMethods="1" numMethods="1" />
              <MetadataToken>100663420</MetadataToken>
              <Name>System.Void Reloaded.Hooks.Internal.Patch::Apply()</Name>
              <FileRef uid="37" />
              <SequencePoints>
                <SequencePoint vc="18" uspid="1988" ordinal="0" offset="0" sl="25" sc="9" el="25" ec="10" bec="0" bev="0" fileid="37" />
                <SequencePoint vc="18" uspid="1989" ordinal="1" offset="1" sl="26" sc="13" el="26" ec="59" bec="0" bev="0" fileid="37" />
                <SequencePoint vc="18" uspid="1990" ordinal="2" offset="24" sl="27" sc="9" el="27" ec="10" bec="0" bev="0" fileid="37" />
              </SequencePoints>
              <BranchPoints />
              <MethodPoint xsi:type="SequencePoint" vc="18" uspid="1988" ordinal="0" offset="0" sl="25" sc="9" el="25" ec="10" bec="0" bev="0" fileid="37" />
            </Method>
          </Methods>
        </Class>
        <Class>
          <Summary numSequencePoints="6" visitedSequencePoints="6" numBranchPoints="2" visitedBranchPoints="2" sequenceCoverage="100" branchCoverage="100" maxCyclomaticComplexity="1" minCyclomaticComplexity="1" visitedClasses="1" numClasses="1" visitedMethods="2" numMethods="2" />
          <FullName>Reloaded.Hooks.Internal.Testing.FunctionPatcherTesting</FullName>
          <Methods>
            <Method visited="true" cyclomaticComplexity="1" nPathComplexity="0" sequenceCoverage="100" branchCoverage="100" isConstructor="false" isStatic="true" isGetter="false" isSetter="false">
              <Summary numSequencePoints="3" visitedSequencePoints="3" numBranchPoints="1" visitedBranchPoints="1" sequenceCoverage="100" branchCoverage="100" maxCyclomaticComplexity="1" minCyclomaticComplexity="1" visitedClasses="0" numClasses="0" visitedMethods="1" numMethods="1" />
              <MetadataToken>100663421</MetadataToken>
              <Name>System.Collections.Generic.List`1&lt;Reloaded.Hooks.Internal.Patch&gt; Reloaded.Hooks.Internal.Testing.FunctionPatcherTesting::PatchJumpTargets(Reloaded.Hooks.Internal.FunctionPatcher,Reloaded.Hooks.Internal.AddressRange,Reloaded.Hooks.Internal.AddressRange,System.Int64)</Name>
              <FileRef uid="38" />
              <SequencePoints>
                <SequencePoint vc="2" uspid="1991" ordinal="0" offset="0" sl="14" sc="9" el="14" ec="10" bec="0" bev="0" fileid="38" />
                <SequencePoint vc="2" uspid="1992" ordinal="1" offset="1" sl="15" sc="13" el="15" ec="91" bec="0" bev="0" fileid="38" />
                <SequencePoint vc="2" uspid="1993" ordinal="2" offset="13" sl="16" sc="9" el="16" ec="10" bec="0" bev="0" fileid="38" />
              </SequencePoints>
              <BranchPoints />
              <MethodPoint xsi:type="SequencePoint" vc="2" uspid="1991" ordinal="0" offset="0" sl="14" sc="9" el="14" ec="10" bec="0" bev="0" fileid="38" />
            </Method>
            <Method visited="true" cyclomaticComplexity="1" nPathComplexity="0" sequenceCoverage="100" branchCoverage="100" isConstructor="false" isStatic="true" isGetter="false" isSetter="false">
              <Summary numSequencePoints="3" visitedSequencePoints="3" numBranchPoints="1" visitedBranchPoints="1" sequenceCoverage="100" branchCoverage="100" maxCyclomaticComplexity="1" minCyclomaticComplexity="1" visitedClasses="0" numClasses="0" visitedMethods="1" numMethods="1" />
              <MetadataToken>100663422</MetadataToken>
              <Name>System.Void Reloaded.Hooks.Internal.Testing.FunctionPatcherTesting::GetSearchRange(Reloaded.Hooks.Internal.FunctionPatcher,System.Int64&amp;,System.Int64&amp;)</Name>
              <FileRef uid="38" />
              <SequencePoints>
                <SequencePoint vc="2" uspid="1994" ordinal="0" offset="0" sl="22" sc="9" el="22" ec="10" bec="0" bev="0" fileid="38" />
                <SequencePoint vc="2" uspid="1995" ordinal="1" offset="1" sl="23" sc="13" el="23" ec="73" bec="0" bev="0" fileid="38" />
                <SequencePoint vc="2" uspid="1996" ordinal="2" offset="10" sl="24" sc="9" el="24" ec="10" bec="0" bev="0" fileid="38" />
              </SequencePoints>
              <BranchPoints />
              <MethodPoint xsi:type="SequencePoint" vc="2" uspid="1994" ordinal="0" offset="0" sl="22" sc="9" el="22" ec="10" bec="0" bev="0" fileid="38" />
            </Method>
          </Methods>
        </Class>
        <Class>
          <Summary numSequencePoints="0" visitedSequencePoints="0" numBranchPoints="0" visitedBranchPoints="0" sequenceCoverage="0" branchCoverage="0" maxCyclomaticComplexity="0" minCyclomaticComplexity="0" visitedClasses="0" numClasses="0" visitedMethods="0" numMethods="0" />
          <FullName>&lt;PrivateImplementationDetails&gt;</FullName>
          <Methods />
        </Class>
      </Classes>
    </Module>
    <Module skippedDueTo="Filter" hash="6F-4B-25-B1-2C-8F-3C-93-5B-CD-0A-7D-5A-89-64-C9-3C-8D-A9-29">
      <ModulePath>E:\Desktop\ReloaedResearch\Reloaded.Hooks\Source\Reloaded.Hooks.Tests.X86\bin\x86\Debug\net472\Reloaded.Assembler.dll</ModulePath>
      <ModuleTime>2018-12-28T01:22:38Z</ModuleTime>
      <ModuleName>Reloaded.Assembler</ModuleName>
      <Classes />
    </Module>
    <Module skippedDueTo="Filter" hash="DD-99-51-C7-14-58-B8-4D-A4-EC-EC-28-E4-5A-27-00-EF-4D-8B-16">
      <ModulePath>E:\Desktop\ReloaedResearch\Reloaded.Hooks\Source\Reloaded.Hooks.Tests.X86\bin\x86\Debug\net472\Reloaded.Memory.dll</ModulePath>
      <ModuleTime>2018-12-21T11:25:58Z</ModuleTime>
      <ModuleName>Reloaded.Memory</ModuleName>
      <Classes />
    </Module>
    <Module skippedDueTo="Filter" hash="DB-E0-56-E0-8D-CC-9B-72-66-E1-DE-7A-83-63-78-99-22-AC-C3-3F">
      <ModulePath>E:\Desktop\ReloaedResearch\Reloaded.Hooks\Source\Reloaded.Hooks.Tests.X86\bin\x86\Debug\net472\Reloaded.Memory.Buffers.dll</ModulePath>
      <ModuleTime>2018-12-28T01:12:04Z</ModuleTime>
      <ModuleName>Reloaded.Memory.Buffers</ModuleName>
      <Classes />
    </Module>
    <Module skippedDueTo="Filter" hash="B2-3C-26-AA-17-39-D0-2B-A4-21-6C-C5-B8-0A-47-FD-12-51-AB-41">
      <ModulePath>E:\Desktop\ReloaedResearch\Reloaded.Hooks\Source\Reloaded.Hooks.Tests.X86\bin\x86\Debug\net472\System.Runtime.CompilerServices.Unsafe.dll</ModulePath>
      <ModuleTime>2018-09-18T19:38:10Z</ModuleTime>
      <ModuleName>System.Runtime.CompilerServices.Unsafe</ModuleName>
      <Classes />
    </Module>
    <Module skippedDueTo="Filter" hash="F5-E6-4E-D6-9C-18-45-55-60-38-D7-0F-88-A0-81-A9-2F-7E-A4-A6">
      <ModulePath>E:\Desktop\ReloaedResearch\Reloaded.Hooks\Source\Reloaded.Hooks.Tests.X86\bin\x86\Debug\net472\System.Memory.dll</ModulePath>
      <ModuleTime>2018-06-06T13:29:04Z</ModuleTime>
      <ModuleName>System.Memory</ModuleName>
      <Classes />
    </Module>
    <Module skippedDueTo="Filter" hash="6F-1E-C0-64-D4-D8-C7-9F-A3-94-69-2F-09-2F-4C-25-9C-B8-F7-31">
      <ModulePath>E:\Desktop\ReloaedResearch\Reloaded.Hooks\Source\Reloaded.Hooks.Tests.X86\bin\x86\Debug\net472\xunit.assert.dll</ModulePath>
      <ModuleTime>2018-07-17T04:17:58Z</ModuleTime>
      <ModuleName>xunit.assert</ModuleName>
      <Classes />
    </Module>
    <Module skippedDueTo="Filter" hash="A0-45-98-DC-EF-92-33-7E-C5-7C-0A-35-7C-2E-55-A1-FB-9C-0F-40">
      <ModulePath>E:\Desktop\ReloaedResearch\Reloaded.Hooks\Source\Reloaded.Hooks.Tests.X86\bin\x86\Debug\net472\SharpDisasm.dll</ModulePath>
      <ModuleTime>2018-05-24T01:50:14Z</ModuleTime>
      <ModuleName>SharpDisasm</ModuleName>
      <Classes />
    </Module>
  </Modules>
</CoverageSession>